topic 0
             private  	---	  0.0000491378368878
              public  	---	  0.0000491074441048
            business  	---	  0.0000490990989909
           employers  	---	  0.0000490958619067
          businesses  	---	  0.0000490948635796
           privately  	---	  0.0000490928926467
           employees  	---	  0.0000490891744961
               firms  	---	  0.0000490886745241
        corporations  	---	  0.0000490882945982
            offering  	---	  0.0000490880166734
topic 1
                  4r  	---	  0.0000491284661609
                  6r  	---	  0.0000491004850678
                  2r  	---	  0.0000490982439094
                  b2  	---	  0.0000490957318655
                  3p  	---	  0.0000490955650994
                  5r  	---	  0.0000490953977237
                  bx  	---	  0.0000490939961239
                  2c  	---	  0.0000490932417671
                  c3  	---	  0.0000490930452333
                  c4  	---	  0.0000490930422053
topic 2
          geophysics  	---	  0.0000491311890793
        astrophysics  	---	  0.0000491196653214
             physics  	---	  0.0000491142055064
         meteorology  	---	  0.0000491133646660
           astronomy  	---	  0.0000491109314917
         geophysical  	---	  0.0000491081930807
             geology  	---	  0.0000491044103024
       astrophysical  	---	  0.0000491039675486
           chemistry  	---	  0.0000491017404934
        microbiology  	---	  0.0000490987897272
topic 3
             provoke  	---	  0.0000491295783283
         provocation  	---	  0.0000490978738808
              futile  	---	  0.0000490976216940
            suppress  	---	  0.0000490967335074
           resorting  	---	  0.0000490953431522
         threatening  	---	  0.0000490946181977
          aggression  	---	  0.0000490940043439
                urge  	---	  0.0000490933568277
             inflict  	---	  0.0000490928865614
              expose  	---	  0.0000490925834359
topic 4
           textbooks  	---	  0.0000491517162914
            textbook  	---	  0.0000491303981128
           scholarly  	---	  0.0000491172409558
            journals  	---	  0.0000491128266882
            subjects  	---	  0.0000491105178898
        dictionaries  	---	  0.0000491101559600
        introductory  	---	  0.0000491084559595
          literature  	---	  0.0000491075056268
            articles  	---	  0.0000491069987228
         methodology  	---	  0.0000491055268065
topic 5
                 ton  	---	  0.0000491285481242
                tons  	---	  0.0000490930605676
              gallon  	---	  0.0000490925171000
                  mv  	---	  0.0000490885284629
               cargo  	---	  0.0000490852064410
             cruiser  	---	  0.0000490769951434
               pound  	---	  0.0000490767061936
              pounds  	---	  0.0000490761035224
           corvettes  	---	  0.0000490756661945
                guns  	---	  0.0000490751377302
topic 6
             ranking  	---	  0.0000491471035238
              ranked  	---	  0.0000491227771618
                 top  	---	  0.0000490945500008
              eighth  	---	  0.0000490943484513
             highest  	---	  0.0000490921243078
               ninth  	---	  0.0000490917717998
               sixth  	---	  0.0000490910402174
               tenth  	---	  0.0000490910164753
              fourth  	---	  0.0000490901404060
             seventh  	---	  0.0000490894690849
topic 7
              easter  	---	  0.0000491519921477
               feast  	---	  0.0000491166821977
              supper  	---	  0.0000491130972236
        celebrations  	---	  0.0000491086818363
            holidays  	---	  0.0000491056125569
                 day  	---	  0.0000491043968852
           christmas  	---	  0.0000491041996823
             holiday  	---	  0.0000491034182458
            passover  	---	  0.0000491024990999
         celebration  	---	  0.0000491004053839
topic 8
             normals  	---	  0.0000491218900085
          histograms  	---	  0.0000490984215974
            gaussian  	---	  0.0000490949716103
              linear  	---	  0.0000490948159160
           symmetric  	---	  0.0000490943637881
           histogram  	---	  0.0000490933278026
             vectors  	---	  0.0000490919573231
             inverse  	---	  0.0000490915212253
              graphs  	---	  0.0000490914004942
           variables  	---	  0.0000490912691334
topic 9
             manning  	---	  0.0000491205454262
               neely  	---	  0.0000491032054962
              carney  	---	  0.0000490996170902
               brady  	---	  0.0000490994342993
             wilkins  	---	  0.0000490992465995
               brett  	---	  0.0000490978537776
              seaver  	---	  0.0000490947373540
              reggie  	---	  0.0000490945843980
                ryan  	---	  0.0000490944542890
                wade  	---	  0.0000490931149813
topic 10
          undertaken  	---	  0.0000491291649427
           initiated  	---	  0.0000490843187237
         feasibility  	---	  0.0000490823112074
               begun  	---	  0.0000490822246579
            planning  	---	  0.0000490805579884
              funded  	---	  0.0000490804429610
           conducted  	---	  0.0000490801473908
            proposed  	---	  0.0000490772321311
           extensive  	---	  0.0000490765259570
            provided  	---	  0.0000490747141332
topic 11
              marker  	---	  0.0000491592142466
              plaque  	---	  0.0000490917290094
                loop  	---	  0.0000490913231715
             partial  	---	  0.0000490879130719
                exit  	---	  0.0000490850066088
           alignment  	---	  0.0000490835246373
                path  	---	  0.0000490816720639
            fragment  	---	  0.0000490813305183
               signs  	---	  0.0000490813011713
                spur  	---	  0.0000490802096214
topic 12
               habit  	---	  0.0000491303216645
              habits  	---	  0.0000490906095812
              biting  	---	  0.0000490889827163
              eating  	---	  0.0000490865652460
               flesh  	---	  0.0000490856740712
                hair  	---	  0.0000490794615136
               taste  	---	  0.0000490791466093
          unpleasant  	---	  0.0000490790830640
             chewing  	---	  0.0000490790453244
               smell  	---	  0.0000490776741310
topic 13
                 ne1  	---	  0.0045523285125255
                  h9  	---	  0.0019141806381291
                  1t  	---	  0.0017735667154246
                  2t  	---	  0.0014973923308972
                 gnd  	---	  0.0014813906306972
                  e9  	---	  0.0014350170517163
                  8p  	---	  0.0014095063102284
                 rll  	---	  0.0013674015542144
                  f6  	---	  0.0013620502196599
                 rc2  	---	  0.0013491342527717
topic 14
         constituted  	---	  0.0000491384487663
          constitute  	---	  0.0000490878194865
         territorial  	---	  0.0000490868127138
           comprised  	---	  0.0000490819796507
           nominally  	---	  0.0000490781915492
           abolished  	---	  0.0000490769501144
        jurisdiction  	---	  0.0000490764824244
             enacted  	---	  0.0000490755135636
    constitutionally  	---	  0.0000490748616645
         constitutes  	---	  0.0000490747958348
topic 15
                hans  	---	  0.0000491299341338
              werner  	---	  0.0000491204380823
                karl  	---	  0.0000491203921735
             gerhard  	---	  0.0000491181971245
              ludwig  	---	  0.0000491179639321
            wolfgang  	---	  0.0000491169095953
                 von  	---	  0.0000491166105633
           friedrich  	---	  0.0000491164958204
               erich  	---	  0.0000491164545199
               fritz  	---	  0.0000491154943078
topic 16
                acts  	---	  0.0000491215092499
          exercising  	---	  0.0000490643311081
            coercion  	---	  0.0000490626278298
                 act  	---	  0.0000490624621563
           enforcing  	---	  0.0000490618965007
          collective  	---	  0.0000490609894542
          proscribed  	---	  0.0000490609567126
          regulating  	---	  0.0000490599832729
          initiating  	---	  0.0000490591554472
           involving  	---	  0.0000490588010552
topic 17
           swinburne  	---	  0.0000491294680344
              oxford  	---	  0.0000490882347130
           cambridge  	---	  0.0000490877308523
             wilfrid  	---	  0.0000490871420259
              edmund  	---	  0.0000490868271077
              monash  	---	  0.0000490835858431
            educated  	---	  0.0000490803745818
           macmillan  	---	  0.0000490802868927
              massey  	---	  0.0000490790772455
               eliot  	---	  0.0000490789879098
topic 18
           hayashida  	---	  0.0000491486134555
                goto  	---	  0.0000491149939703
            yamauchi  	---	  0.0000491118893665
            miyazawa  	---	  0.0000491117931495
                 ito  	---	  0.0000491117051156
              yamada  	---	  0.0000491116126299
                hojo  	---	  0.0000491093492353
                 sho  	---	  0.0000491054198506
                 kai  	---	  0.0000491017107015
                 jun  	---	  0.0000491011079786
topic 19
           gathering  	---	  0.0000491277028297
              gather  	---	  0.0000490918008527
            gathered  	---	  0.0000490833718996
      demonstrations  	---	  0.0000490782775090
           thousands  	---	  0.0000490781908435
          organizing  	---	  0.0000490767433923
          activities  	---	  0.0000490712622338
            visitors  	---	  0.0000490707317646
            organize  	---	  0.0000490687136430
            hundreds  	---	  0.0000490685729849
topic 20
        constitution  	---	  0.0000491339550002
      constitutional  	---	  0.0000491217413026
           amendment  	---	  0.0000491171625331
          amendments  	---	  0.0000491119351186
       constitutions  	---	  0.0000491090650691
             statute  	---	  0.0000491088176247
         legislation  	---	  0.0000491081658547
         declaration  	---	  0.0000491059931946
            preamble  	---	  0.0000491056671302
           ordinance  	---	  0.0000491049016161
topic 21
              rivers  	---	  0.0000491403829333
             valleys  	---	  0.0000491255124396
               lakes  	---	  0.0000491251119476
               basin  	---	  0.0000491226507865
           mountains  	---	  0.0000491206315503
               river  	---	  0.0000491199780148
               flows  	---	  0.0000491158045357
             streams  	---	  0.0000491157358154
              plains  	---	  0.0000491154834991
                lake  	---	  0.0000491124173769
topic 22
       illustrations  	---	  0.0000491256562620
            drawings  	---	  0.0000491109883113
         photographs  	---	  0.0000491024896547
              prints  	---	  0.0000491010839415
           notebooks  	---	  0.0000491004230361
               books  	---	  0.0000491003707302
             stories  	---	  0.0000490975734774
            reprints  	---	  0.0000490968272864
           anecdotes  	---	  0.0000490936925083
             diaries  	---	  0.0000490930937740
topic 23
            position  	---	  0.0000491659335122
         appointment  	---	  0.0000491013843516
           positions  	---	  0.0000490964969627
               reins  	---	  0.0000490863963254
             interim  	---	  0.0000490821571732
                rank  	---	  0.0000490821564622
            assuming  	---	  0.0000490808179173
                head  	---	  0.0000490805079247
              resign  	---	  0.0000490789947951
            standing  	---	  0.0000490775906522
topic 24
           conceived  	---	  0.0000491348954739
             devised  	---	  0.0000490996427162
          envisioned  	---	  0.0000490988543359
            inspired  	---	  0.0000490964877301
           developed  	---	  0.0000490801607441
            credited  	---	  0.0000490800489599
             created  	---	  0.0000490781035244
             adapted  	---	  0.0000490770486500
           rewritten  	---	  0.0000490750273075
          introduced  	---	  0.0000490739399064
topic 25
        authenticity  	---	  0.0000491529961280
            veracity  	---	  0.0000491305808956
            credence  	---	  0.0000491230599439
          assertions  	---	  0.0000491207082020
        inaccuracies  	---	  0.0000491184419040
         particulars  	---	  0.0000491151805481
             textual  	---	  0.0000491146717502
              merits  	---	  0.0000491145908974
        substantiate  	---	  0.0000491139377404
              refute  	---	  0.0000491134629356
topic 26
              beasts  	---	  0.0000491240564586
           creatures  	---	  0.0000491103536758
              demons  	---	  0.0000491043444925
            monsters  	---	  0.0000491035706671
               elves  	---	  0.0000491016749946
             spirits  	---	  0.0000490992156416
            unicorns  	---	  0.0000490987329939
            denizens  	---	  0.0000490971888166
             magical  	---	  0.0000490947843885
                gods  	---	  0.0000490926362371
topic 27
                svga  	---	  0.0000491220838335
             640x480  	---	  0.0000491135766366
                vram  	---	  0.0000491133644686
             800x600  	---	  0.0000491126118716
                512k  	---	  0.0000491117431076
          upgradable  	---	  0.0000491115836650
                 xga  	---	  0.0000491110298890
                 4mb  	---	  0.0000491104662364
                256k  	---	  0.0000491099180938
                 8mb  	---	  0.0000491098201484
topic 28
             exhibit  	---	  0.0000491301799458
            exhibits  	---	  0.0000491107617282
        reproduction  	---	  0.0000490817642893
            displays  	---	  0.0000490737806795
             complex  	---	  0.0000490725703831
              exotic  	---	  0.0000490724305820
           exhibited  	---	  0.0000490720481064
            patterns  	---	  0.0000490705069078
          structures  	---	  0.0000490695908872
             display  	---	  0.0000490693555234
topic 29
              studio  	---	  0.0000491330548148
           recording  	---	  0.0000491135930524
                demo  	---	  0.0000491071964904
               album  	---	  0.0000491056140122
           unplugged  	---	  0.0000491045437026
               demos  	---	  0.0000491035891199
                band  	---	  0.0000491020667367
                  lp  	---	  0.0000491019856034
                solo  	---	  0.0000491018073994
                 duo  	---	  0.0000491015409434
topic 30
           disasters  	---	  0.0000491281575206
            disaster  	---	  0.0000490986006291
             hazards  	---	  0.0000490980966088
        catastrophic  	---	  0.0000490964599779
         devastation  	---	  0.0000490920223472
             dangers  	---	  0.0000490904535595
           pollution  	---	  0.0000490902086760
         destruction  	---	  0.0000490887214925
             impacts  	---	  0.0000490863297029
         destructive  	---	  0.0000490858835946
topic 31
            enriched  	---	  0.0000491305105633
             organic  	---	  0.0000490900113337
             refined  	---	  0.0000490847229441
               crude  	---	  0.0000490845193807
           materials  	---	  0.0000490838509177
             mixture  	---	  0.0000490831150610
              metals  	---	  0.0000490826681909
            minerals  	---	  0.0000490822021808
              carbon  	---	  0.0000490814593051
                oils  	---	  0.0000490794755668
topic 32
           belonging  	---	  0.0000491454419333
             belongs  	---	  0.0000491053995909
              belong  	---	  0.0000491008470007
            ancestor  	---	  0.0000490931705734
         descendants  	---	  0.0000490902993324
            belonged  	---	  0.0000490878757423
           descended  	---	  0.0000490840476188
           ancestors  	---	  0.0000490811634638
               tribe  	---	  0.0000490798829969
              reside  	---	  0.0000490797410877
topic 33
            breakers  	---	  0.0000491247511463
                nets  	---	  0.0000490906860392
             thunder  	---	  0.0000490757823997
             whalers  	---	  0.0000490751745108
              devils  	---	  0.0000490736348450
                jets  	---	  0.0000490729941812
            clippers  	---	  0.0000490706556791
              yankee  	---	  0.0000490700432045
              giants  	---	  0.0000490691627996
              flyers  	---	  0.0000490677617461
topic 34
                 cie  	---	  0.0000491364701649
          informatik  	---	  0.0000490979097182
                 nos  	---	  0.0000490951799380
                  gn  	---	  0.0000490936045963
                  nr  	---	  0.0000490931010888
                 sta  	---	  0.0000490925051424
                  vy  	---	  0.0000490918526258
                  gl  	---	  0.0000490902552973
                  cs  	---	  0.0000490901146418
                 ger  	---	  0.0000490900788024
topic 35
             collier  	---	  0.0000491398338354
                holt  	---	  0.0000491141088568
            fletcher  	---	  0.0000491094512669
              walker  	---	  0.0000491081553489
              morris  	---	  0.0000491077495769
              wright  	---	  0.0000491073488328
              porter  	---	  0.0000491071128936
             ballard  	---	  0.0000491067684195
             freeman  	---	  0.0000491066491814
              fisher  	---	  0.0000491061800962
topic 36
            filioque  	---	  0.0000491300142605
              nicene  	---	  0.0000491121586229
       infallibility  	---	  0.0000491087351719
           nestorius  	---	  0.0000491063604813
         trinitarian  	---	  0.0000491037287869
          schismatic  	---	  0.0000491013190384
         monophysite  	---	  0.0000490997001234
               dogma  	---	  0.0000490996221296
           chalcedon  	---	  0.0000490981574214
           heretical  	---	  0.0000490972782225
topic 37
            distress  	---	  0.0000491539388539
           blindness  	---	  0.0000491212408176
            sickness  	---	  0.0000491205003493
          discomfort  	---	  0.0000491187102104
                pain  	---	  0.0000491138845434
              bodily  	---	  0.0000491137184512
           suffering  	---	  0.0000491113446699
             painful  	---	  0.0000491094707695
               pains  	---	  0.0000491088142764
              trauma  	---	  0.0000491062703085
topic 38
                 cec  	---	  0.0000491287807092
                 ncd  	---	  0.0000490828884274
                 cda  	---	  0.0000490769240750
           committee  	---	  0.0000490749243739
                 csd  	---	  0.0000490736231815
                 erc  	---	  0.0000490732781402
            chairman  	---	  0.0000490712235160
                 csc  	---	  0.0000490701306667
            advisory  	---	  0.0000490689619568
                 igc  	---	  0.0000490673610459
topic 39
             mankato  	---	  0.0000491335360601
           corvallis  	---	  0.0000491170272552
           kalamazoo  	---	  0.0000491120273684
           minnesota  	---	  0.0000491095023136
           marquette  	---	  0.0000491090655480
             lansing  	---	  0.0000491074036252
              peoria  	---	  0.0000491068231361
                iowa  	---	  0.0000491063648323
          stillwater  	---	  0.0000491053663490
           wisconsin  	---	  0.0000491048909433
