topic 0
             cardiac  	---	  0.0000491634717398
         respiratory  	---	  0.0000491534663738
            coronary  	---	  0.0000491510451523
               fetal  	---	  0.0000491475553872
             chronic  	---	  0.0000491469511272
        inflammation  	---	  0.0000491464210001
               acute  	---	  0.0000491463475373
           cirrhosis  	---	  0.0000491457232042
           sinusitis  	---	  0.0000491454734047
             hepatic  	---	  0.0000491452571095
topic 1
              mikael  	---	  0.0000491414771888
              joakim  	---	  0.0000491256171718
             mattias  	---	  0.0000491225241139
              patrik  	---	  0.0000491194887609
            axelsson  	---	  0.0000491188111216
             staffan  	---	  0.0000491187933829
                erik  	---	  0.0000491166573784
               jonas  	---	  0.0000491159504678
              markus  	---	  0.0000491159435238
           andersson  	---	  0.0000491155433962
topic 2
          submitting  	---	  0.0000491324475604
              submit  	---	  0.0000491068360675
          requesting  	---	  0.0000491000830600
            requests  	---	  0.0000490967870062
           submitted  	---	  0.0000490950325047
              revise  	---	  0.0000490909378453
        recommending  	---	  0.0000490900996427
           paperwork  	---	  0.0000490884752137
         submissions  	---	  0.0000490880537722
             issuing  	---	  0.0000490873083840
topic 3
                chem  	---	  0.0000491544639872
                  bd  	---	  0.0000490969601657
              triumf  	---	  0.0000490958735293
                  ih  	---	  0.0000490948290922
                 med  	---	  0.0000490915137578
                 snd  	---	  0.0000490910736334
                 som  	---	  0.0000490889747875
                  ht  	---	  0.0000490889670694
    microelectronics  	---	  0.0000490888736649
                  rw  	---	  0.0000490883774695
topic 4
            stanford  	---	  0.0000491371800383
             cornell  	---	  0.0000491253537846
             harvard  	---	  0.0000491235295293
                yale  	---	  0.0000491213528692
                ucla  	---	  0.0000491192838458
          university  	---	  0.0000491166723849
             caltech  	---	  0.0000491166066330
            brandeis  	---	  0.0000491141169926
                  uc  	---	  0.0000491139879514
           princeton  	---	  0.0000491136450265
topic 5
                 sgi  	---	  0.0000491215977307
               intel  	---	  0.0000491090180697
                3com  	---	  0.0000491082593195
            informix  	---	  0.0000491067327946
             adaptec  	---	  0.0000491059510453
            motorola  	---	  0.0000491058725884
            autodesk  	---	  0.0000491058622558
                 ibm  	---	  0.0000491056510063
               xenix  	---	  0.0000491050442096
          intergraph  	---	  0.0000491043049220
topic 6
           incorrect  	---	  0.0000491249990091
             correct  	---	  0.0000491037703498
           erroneous  	---	  0.0000490992876847
          inaccurate  	---	  0.0000490990007352
          misleading  	---	  0.0000490986019938
              errors  	---	  0.0000490952643077
         incorrectly  	---	  0.0000490933173801
           confusing  	---	  0.0000490917968510
            spurious  	---	  0.0000490917145713
               error  	---	  0.0000490913067261
topic 7
              scaled  	---	  0.0000491369824682
             rotated  	---	  0.0000490840062376
           projected  	---	  0.0000490818992442
               fixed  	---	  0.0000490810776774
            vertical  	---	  0.0000490804029058
             scaling  	---	  0.0000490802999278
              phased  	---	  0.0000490800932180
              tilted  	---	  0.0000490790721394
               glide  	---	  0.0000490788034429
            modified  	---	  0.0000490771331247
topic 8
             mislead  	---	  0.0000491261043017
             deceive  	---	  0.0000491098015522
        misrepresent  	---	  0.0000490974994995
             falsify  	---	  0.0000490967059371
            tempting  	---	  0.0000490957991622
             blindly  	---	  0.0000490950369171
             confuse  	---	  0.0000490940084342
           dishonest  	---	  0.0000490936476877
                deem  	---	  0.0000490931720237
           frustrate  	---	  0.0000490922798185
topic 9
               await  	---	  0.0000491238135037
              arrive  	---	  0.0000490881999246
                warn  	---	  0.0000490862430528
            awaiting  	---	  0.0000490856633347
          instructed  	---	  0.0000490850841433
           proceeded  	---	  0.0000490847389650
           intending  	---	  0.0000490839219748
           compelled  	---	  0.0000490834593390
               evade  	---	  0.0000490821924634
              hoping  	---	  0.0000490786697059
topic 10
              fowler  	---	  0.0000491255215579
               smith  	---	  0.0000491151175747
              watson  	---	  0.0000491143748606
               dixon  	---	  0.0000491135229629
           wilkinson  	---	  0.0000491130018518
            reynolds  	---	  0.0000491121311962
             russell  	---	  0.0000491120345612
              clarke  	---	  0.0000491117140147
               baker  	---	  0.0000491116607371
              gordon  	---	  0.0000491113003135
topic 11
          mcwilliams  	---	  0.0000491473196931
               allen  	---	  0.0000491290552287
             roberts  	---	  0.0000491276535586
               smith  	---	  0.0000491265162395
              harvey  	---	  0.0000491257995815
               ellis  	---	  0.0000491255180246
              miller  	---	  0.0000491254637079
          cunningham  	---	  0.0000491249508728
            robinson  	---	  0.0000491246374359
            reynolds  	---	  0.0000491241462629
topic 12
               moron  	---	  0.0000491332405423
            confuses  	---	  0.0000490816231626
              drivel  	---	  0.0000490803913780
                hmmm  	---	  0.0000490791047424
            dickhead  	---	  0.0000490780076844
               dunno  	---	  0.0000490773242121
                chap  	---	  0.0000490772217226
                nope  	---	  0.0000490771233660
              quacks  	---	  0.0000490762301161
            bitching  	---	  0.0000490762170437
topic 13
              staffs  	---	  0.0000491301429270
               staff  	---	  0.0000491034235147
            officers  	---	  0.0000490948197079
           volunteer  	---	  0.0000490880756607
           personnel  	---	  0.0000490872676687
          volunteers  	---	  0.0000490862231931
               ranks  	---	  0.0000490826952792
           positions  	---	  0.0000490821897720
              duties  	---	  0.0000490800229095
            advisors  	---	  0.0000490789730290
topic 14
          unchanging  	---	  0.0000491173727640
          unknowable  	---	  0.0000491013535426
         omnipotence  	---	  0.0000490934741470
          reflection  	---	  0.0000490932773144
             essence  	---	  0.0000490932307981
           dichotomy  	---	  0.0000490931266168
           intuition  	---	  0.0000490925997415
          impersonal  	---	  0.0000490919791185
       contradiction  	---	  0.0000490907393071
        metaphorical  	---	  0.0000490896581435
topic 15
                  5m  	---	  0.0000491351310555
                 40m  	---	  0.0000491231702025
                  8m  	---	  0.0000491227666941
                  7m  	---	  0.0000491225532414
                  4m  	---	  0.0000491221849220
                  1m  	---	  0.0000491215743074
                  9m  	---	  0.0000491193949894
                 80m  	---	  0.0000491185139187
                 16m  	---	  0.0000491168238479
                  2m  	---	  0.0000491167315851
topic 16
                iowa  	---	  0.0000491344598427
            nebraska  	---	  0.0000491239356851
           wisconsin  	---	  0.0000491217792163
              oregon  	---	  0.0000491214222533
             indiana  	---	  0.0000491204155960
            michigan  	---	  0.0000491184241538
            illinois  	---	  0.0000491179294042
               idaho  	---	  0.0000491161466227
            oklahoma  	---	  0.0000491155379815
           minnesota  	---	  0.0000491154871736
topic 17
                 m27  	---	  0.0000491322004229
                  m8  	---	  0.0000491079343349
                  m5  	---	  0.0000491078724862
                  a9  	---	  0.0000491055404215
                  m6  	---	  0.0000491051049067
                  a5  	---	  0.0000491027916957
                  a6  	---	  0.0000491015336872
                  m7  	---	  0.0000491005640406
                  n7  	---	  0.0000491005263259
                  m4  	---	  0.0000491000679580
topic 18
               crowd  	---	  0.0067089170413164
            cheering  	---	  0.0025134804963432
              loudly  	---	  0.0019597352346985
             yelling  	---	  0.0017990735381633
            shouting  	---	  0.0017767029786654
              crowds  	---	  0.0017563741646635
          excitement  	---	  0.0012588456226904
            bouncing  	---	  0.0012279150424303
                fans  	---	  0.0012220642544616
              yelled  	---	  0.0011635514353736
topic 19
                reza  	---	  0.0000491586711522
            mohammad  	---	  0.0000491480335238
              rashid  	---	  0.0000491437507741
              hassan  	---	  0.0000491435157134
                 ali  	---	  0.0000491433312402
            mohammed  	---	  0.0000491431721890
                aziz  	---	  0.0000491429287243
               ahmad  	---	  0.0000491424848154
              sheikh  	---	  0.0000491419941545
                amir  	---	  0.0000491415072381
topic 20
               thugs  	---	  0.0000491234597820
                gang  	---	  0.0000491116390159
                 mob  	---	  0.0000491018019990
            savagely  	---	  0.0000491004024835
             thieves  	---	  0.0000490996169614
            brutally  	---	  0.0000490994920659
             robbing  	---	  0.0000490991280539
             robbers  	---	  0.0000490984554671
                feds  	---	  0.0000490964153364
                cops  	---	  0.0000490952724663
topic 21
                  77  	---	  0.0000491331334106
                  87  	---	  0.0000491290838571
                 8.7  	---	  0.0000491290838571
                  71  	---	  0.0000491285626316
                 7.1  	---	  0.0000491285626316
                 7.4  	---	  0.0000491284057382
                  74  	---	  0.0000491284057382
                  58  	---	  0.0000491282065479
                 5-8  	---	  0.0000491282065479
                 6.1  	---	  0.0000491279574040
topic 22
            reverend  	---	  0.0000491273909616
              thomas  	---	  0.0000491132587749
                john  	---	  0.0000491113109175
             francis  	---	  0.0000491105245652
              andrew  	---	  0.0000491080093807
             patrick  	---	  0.0000491062415954
                mary  	---	  0.0000491053553848
              edmund  	---	  0.0000491052697516
              wesley  	---	  0.0000491051238143
               james  	---	  0.0000491048931886
topic 23
               tower  	---	  0.0000491575999163
              towers  	---	  0.0000491367322725
           courtyard  	---	  0.0000491294197091
            enclosed  	---	  0.0000491284620108
            building  	---	  0.0000491212428371
              facade  	---	  0.0000491204337650
            entryway  	---	  0.0000491203808388
            entrance  	---	  0.0000491188956794
               walls  	---	  0.0000491186358721
               brick  	---	  0.0000491185581673
topic 24
            crossing  	---	  0.0000491503090730
             crosses  	---	  0.0000491345369944
             stretch  	---	  0.0000491277842701
             crossed  	---	  0.0000491229178060
                road  	---	  0.0000491223889037
              bridge  	---	  0.0000491218326633
               river  	---	  0.0000491218322624
             heading  	---	  0.0000491195093771
                spur  	---	  0.0000491194742128
               trail  	---	  0.0000491190994629
topic 25
           increases  	---	  0.0000491397361140
           decreases  	---	  0.0000491258979823
            decrease  	---	  0.0000491250495013
            reducing  	---	  0.0000491242258912
           reduction  	---	  0.0000491224115424
            increase  	---	  0.0000491221667606
               rates  	---	  0.0000491205568056
             reduces  	---	  0.0000491200395515
          increasing  	---	  0.0000491180791816
            lowering  	---	  0.0000491178596250
topic 26
             trailer  	---	  0.0000491211656111
            trailers  	---	  0.0000490910924270
                ride  	---	  0.0000490823449581
                mini  	---	  0.0000490798337878
                 cab  	---	  0.0000490792795755
                 car  	---	  0.0000490756261084
              lockup  	---	  0.0000490756130313
               dummy  	---	  0.0000490744729719
               truck  	---	  0.0000490720165459
             grabber  	---	  0.0000490718477231
topic 27
           abolished  	---	  0.0000491370825557
      redistribution  	---	  0.0000491015320128
           abolition  	---	  0.0000491003867193
             enacted  	---	  0.0000490953100111
           dissolved  	---	  0.0000490934549669
              vested  	---	  0.0000490908407755
            ratified  	---	  0.0000490835646433
              passed  	---	  0.0000490834875553
         legislative  	---	  0.0000490830108537
            assembly  	---	  0.0000490827795236
topic 28
        presentation  	---	  0.0000491280740754
          presenting  	---	  0.0000490892270756
       presentations  	---	  0.0000490823544112
             viewing  	---	  0.0000490785865184
       informational  	---	  0.0000490779682912
         informative  	---	  0.0000490769579806
              visual  	---	  0.0000490762021345
              viewer  	---	  0.0000490757280339
             editing  	---	  0.0000490755049639
             preview  	---	  0.0000490741913105
topic 29
             promote  	---	  0.0000491458760071
           promoting  	---	  0.0000491293968673
           encourage  	---	  0.0000491225029205
                aims  	---	  0.0000491210413168
                 aim  	---	  0.0000491179921340
            promotes  	---	  0.0000491150939191
         encouraging  	---	  0.0000491145044451
           awareness  	---	  0.0000491120065411
             enhance  	---	  0.0000491084866399
          strengthen  	---	  0.0000491073370064
