topic 0
                  yj  	---	  0.0000717130481532
                  rq  	---	  0.0000716618754279
                  zj  	---	  0.0000716587430389
                  lq  	---	  0.0000716561563395
                  qz  	---	  0.0000716533631235
                  yz  	---	  0.0000716505928721
                  jq  	---	  0.0000716423946250
                  iy  	---	  0.0000716385993282
                  lk  	---	  0.0000716341974516
                  zd  	---	  0.0000716321464415
topic 1
             emitter  	---	  0.0000716463783194
           resistive  	---	  0.0000716154553735
          excitation  	---	  0.0000716145995960
             voltage  	---	  0.0000716123800793
           capacitor  	---	  0.0000716121877701
               diode  	---	  0.0000716121728545
         capacitance  	---	  0.0000716116176578
            resistor  	---	  0.0000716110403914
              photon  	---	  0.0000716102000557
          hysteresis  	---	  0.0000716097910107
topic 2
             circles  	---	  0.0000716800802852
          distinctly  	---	  0.0000715923622327
          viewpoints  	---	  0.0000715675732335
           movements  	---	  0.0000715667961496
            symbolic  	---	  0.0000715611101762
               views  	---	  0.0000715592838312
             obscure  	---	  0.0000715584201007
           prominent  	---	  0.0000715562267169
              firmly  	---	  0.0000715542079944
              rooted  	---	  0.0000715534890515
topic 3
                year  	---	  0.0122886278690220
               month  	---	  0.0033765099691439
                week  	---	  0.0021105719512322
              yearly  	---	  0.0016538752694797
                 ten  	---	  0.0016425790146240
                 day  	---	  0.0013810645072880
                days  	---	  0.0012640644792103
              months  	---	  0.0010622758194188
              decade  	---	  0.0010553659049874
            previous  	---	  0.0010231474728542
topic 4
            depended  	---	  0.0000717723949321
              relied  	---	  0.0000716987258537
            afforded  	---	  0.0000716885767598
             relying  	---	  0.0000716753657682
         maintaining  	---	  0.0000716628834029
               owing  	---	  0.0000716611093022
            maintain  	---	  0.0000716596796108
              relies  	---	  0.0000716581420347
                rely  	---	  0.0000716566097325
           dependent  	---	  0.0000716469203882
topic 5
                  qo  	---	  0.0045351543829282
                  rq  	---	  0.0023149116965811
                  lq  	---	  0.0019057970916273
                  qz  	---	  0.0017414613601723
                  lk  	---	  0.0016764508193143
                ular  	---	  0.0016651589548409
                  zk  	---	  0.0016187628912192
                  yt  	---	  0.0015930026459163
                  aq  	---	  0.0015726108730912
                  yj  	---	  0.0015722844180841
topic 6
            niranjan  	---	  0.0000717541743981
              prasad  	---	  0.0000717343376954
              sharma  	---	  0.0000717309372003
             srihari  	---	  0.0000717289871871
                 rao  	---	  0.0000717275035992
               kumar  	---	  0.0000717274643736
           mukherjee  	---	  0.0000717266379796
          chatterjee  	---	  0.0000717243836560
               ghosh  	---	  0.0000717243617455
                 dev  	---	  0.0000717206403089
topic 7
              magnus  	---	  0.0000720546786569
             manfred  	---	  0.0000718468218458
                hild  	---	  0.0000717819821434
               felix  	---	  0.0000717733832409
                king  	---	  0.0000717726818331
               niels  	---	  0.0000717595310704
              stefan  	---	  0.0000717564972582
                1161  	---	  0.0000717552462558
                1159  	---	  0.0000717487569514
             joachim  	---	  0.0000717483123040
topic 8
              winner  	---	  0.0000718213648428
                 won  	---	  0.0000717450357924
             winning  	---	  0.0000717421070297
             winners  	---	  0.0000717282674880
            champion  	---	  0.0000717060723139
                 win  	---	  0.0000716870972662
               award  	---	  0.0000716736391718
              finish  	---	  0.0000716698181501
         competition  	---	  0.0000716584858666
               nadal  	---	  0.0000716528559947
topic 9
               spice  	---	  0.0000718157602861
             vanilla  	---	  0.0000717166215458
                sour  	---	  0.0000716930316057
              sesame  	---	  0.0000716801682226
                puff  	---	  0.0000716789371203
                 gin  	---	  0.0000716663267460
              flavor  	---	  0.0000716631249385
                soda  	---	  0.0000716583027571
             pickles  	---	  0.0000716510574399
              muesli  	---	  0.0000716475402226
topic 10
                 670  	---	  0.0000718475748934
                 660  	---	  0.0000718309569126
                 760  	---	  0.0000718294562136
                 540  	---	  0.0000718290879542
                 570  	---	  0.0000718252932401
                 690  	---	  0.0000718241560651
                 740  	---	  0.0000718234049208
                 630  	---	  0.0000718231841994
                 780  	---	  0.0000718227426595
                 730  	---	  0.0000718222659895
topic 11
                sinh  	---	  0.0000718587145988
                  iy  	---	  0.0000717767947481
                  ng  	---	  0.0000717655743633
                  zh  	---	  0.0000717502831384
                  ay  	---	  0.0000717457646548
                  bi  	---	  0.0000717383512535
                 thi  	---	  0.0000717383483931
                tanh  	---	  0.0000717377395482
                  nh  	---	  0.0000717307150002
                  oo  	---	  0.0000717283178695
topic 12
                 121  	---	  0.0000717494054661
                 119  	---	  0.0000717382367954
                 151  	---	  0.0000717369576417
                1.11  	---	  0.0000717364495935
                 111  	---	  0.0000717364495935
               1,2,3  	---	  0.0000717358716646
                 123  	---	  0.0000717358716646
                 116  	---	  0.0000717355756598
                 136  	---	  0.0000717348638565
                13.6  	---	  0.0000717348638565
topic 13
      administration  	---	  0.0000720845897885
              policy  	---	  0.0000719341551856
          government  	---	  0.0000719325933216
            ministry  	---	  0.0000719270286004
          department  	---	  0.0000719265548220
             federal  	---	  0.0000719115910080
             finance  	---	  0.0000718950339780
         supervision  	---	  0.0000718602340121
             funding  	---	  0.0000718586057286
       establishment  	---	  0.0000718581490898
topic 14
            illusion  	---	  0.0065426211959419
           illusions  	---	  0.0022679353754556
           invisible  	---	  0.0019169620088926
          reflection  	---	  0.0016872863017153
               image  	---	  0.0015270758139686
             essence  	---	  0.0014854891929844
           intuition  	---	  0.0013879228112640
                mind  	---	  0.0013519562190665
             emotion  	---	  0.0013204611039969
           conscious  	---	  0.0012975956137137
topic 15
    parameterization  	---	  0.0000716791699074
     parametrization  	---	  0.0000716584920651
       parameterized  	---	  0.0000716573158299
           parameter  	---	  0.0000716565498878
       linearization  	---	  0.0000716563143568
          univariate  	---	  0.0000716545031899
          linearized  	---	  0.0000716542582715
           piecewise  	---	  0.0000716540275379
         convolution  	---	  0.0000716527253938
          parametric  	---	  0.0000716525018644
topic 16
            assuming  	---	  0.0000717035382880
              assume  	---	  0.0000716446093803
             implies  	---	  0.0000716177698075
             assumes  	---	  0.0000716130332344
          determines  	---	  0.0000715932032705
               obeys  	---	  0.0000715926031564
         probability  	---	  0.0000715920012280
         expectation  	---	  0.0000715906131528
            relation  	---	  0.0000715898292620
           satisfies  	---	  0.0000715858750648
topic 17
               wafer  	---	  0.0055169279672578
              filter  	---	  0.0026028421504957
              liquid  	---	  0.0020218152121788
             filters  	---	  0.0019718072151223
            annealed  	---	  0.0019406203916746
             elastic  	---	  0.0018891202287955
           separator  	---	  0.0017940398739154
         multi-layer  	---	  0.0017864418993722
          multilayer  	---	  0.0017864418993722
               fiber  	---	  0.0017451442091568
topic 18
        accumulation  	---	  0.0000717330425239
           depletion  	---	  0.0000716845757454
            residual  	---	  0.0000716803849367
           shrinkage  	---	  0.0000716739324469
          absorption  	---	  0.0000716694424719
         accumulates  	---	  0.0000716680635756
           decreases  	---	  0.0000716606046509
          refractory  	---	  0.0000716590126916
         degradation  	---	  0.0000716586592359
         concomitant  	---	  0.0000716575735158
topic 19
                11.4  	---	  0.0000717789872938
                 114  	---	  0.0000717789872938
                 118  	---	  0.0000717689796439
                 126  	---	  0.0000717657301837
                 134  	---	  0.0000717649056647
                13.4  	---	  0.0000717649056647
                 116  	---	  0.0000717645899702
                 142  	---	  0.0000717644510747
                 137  	---	  0.0000717641800568
                13.7  	---	  0.0000717641800568
topic 20
        relationship  	---	  0.0065671141504111
       relationships  	---	  0.0020731799529765
            identity  	---	  0.0015290039017717
           closeness  	---	  0.0011813835494736
            proposes  	---	  0.0011530489636483
             rejects  	---	  0.0011302867656925
            strained  	---	  0.0011200306868987
        antagonistic  	---	  0.0011032345479073
              desire  	---	  0.0010922426958381
         realization  	---	  0.0010425707160603
topic 21
               poses  	---	  0.0000717765287650
                pose  	---	  0.0000717045494751
           behaviour  	---	  0.0000716779442778
            behavior  	---	  0.0000716772304664
           emotional  	---	  0.0000716744870366
        demonstrates  	---	  0.0000716722058417
              avoids  	---	  0.0000716690805993
           seemingly  	---	  0.0000716688178629
       unpredictable  	---	  0.0000716666311382
              coping  	---	  0.0000716622016436
topic 22
        constructing  	---	  0.0000716803875256
           construct  	---	  0.0000716299826006
        construction  	---	  0.0000715905493482
            existing  	---	  0.0000715835328134
         constructed  	---	  0.0000715693065563
               build  	---	  0.0000715662965597
         reconstruct  	---	  0.0000715641584634
      reconstructing  	---	  0.0000715631219016
           designing  	---	  0.0000715590399663
          structures  	---	  0.0000715585059003
topic 23
          identified  	---	  0.0000716732485062
         interpreted  	---	  0.0000715881793687
          postulated  	---	  0.0000715810279007
        hypothesized  	---	  0.0000715800211866
          classified  	---	  0.0000715793595290
              linked  	---	  0.0000715743995849
         categorized  	---	  0.0000715743912952
           suggested  	---	  0.0000715736950044
               found  	---	  0.0000715705028651
            verified  	---	  0.0000715656193564
topic 24
         recurrently  	---	  0.0051454659784851
           exogenous  	---	  0.0009370151497647
       qualitatively  	---	  0.0009246429816395
          temporally  	---	  0.0008796365899737
     physiologically  	---	  0.0008600549905715
         distractors  	---	  0.0007904351892253
         habituation  	---	  0.0007668259138955
       manipulations  	---	  0.0007549028218047
     neuroanatomical  	---	  0.0007295102364900
          modulatory  	---	  0.0007291957580617
topic 25
           calabrese  	---	  0.0000720237535267
              parisi  	---	  0.0000718904345349
               bruno  	---	  0.0000718601818398
             perrone  	---	  0.0000718522878082
               baldi  	---	  0.0000718452067713
           gallinari  	---	  0.0000718398298232
            girolami  	---	  0.0000718351902698
            desimone  	---	  0.0000718257404996
                marc  	---	  0.0000718222859645
           ferragamo  	---	  0.0000718197470489
topic 26
              oyster  	---	  0.0000716926110854
                 cod  	---	  0.0000716146509812
             lobster  	---	  0.0000716027113790
                crab  	---	  0.0000716012914731
                fish  	---	  0.0000715988222070
                palm  	---	  0.0000715942471496
                fowl  	---	  0.0000715873385699
                 eel  	---	  0.0000715650847608
              wattle  	---	  0.0000715622790065
                tree  	---	  0.0000715570530322
topic 27
           undergoes  	---	  0.0000716897008084
          stabilizes  	---	  0.0000716268432799
        dissociation  	---	  0.0000716242179668
          suppresses  	---	  0.0000716221451847
             induces  	---	  0.0000716211269401
            degrades  	---	  0.0000716203235457
              alters  	---	  0.0000716148778188
          maturation  	---	  0.0000716144181042
             induced  	---	  0.0000716122480501
            inhibits  	---	  0.0000716109352305
topic 28
                  pa  	---	  0.0000717839776884
                 p.a  	---	  0.0000717839776884
                  cr  	---	  0.0000716896997938
                 n.y  	---	  0.0000716841940031
                  ny  	---	  0.0000716841940031
                  sr  	---	  0.0000716808269248
                  mn  	---	  0.0000716766884004
                  nc  	---	  0.0000716740275673
                 896  	---	  0.0000716691725598
          intersects  	---	  0.0000716670517461
topic 29
                year  	---	  0.0000717878267083
               month  	---	  0.0000716948403458
                week  	---	  0.0000716601727714
              yearly  	---	  0.0000716397902531
                 ten  	---	  0.0000716396888119
                 day  	---	  0.0000716345554213
                days  	---	  0.0000716258141409
              months  	---	  0.0000716178393471
              decade  	---	  0.0000716125637376
           beginning  	---	  0.0000716109417276
topic 30
            effector  	---	  0.0000718762761421
       intracellular  	---	  0.0000718398658758
          activation  	---	  0.0000718383787276
          chemotaxis  	---	  0.0000718371776322
          activating  	---	  0.0000718368718736
        pre-synaptic  	---	  0.0000718357366510
         presynaptic  	---	  0.0000718357366510
            mediates  	---	  0.0000718326973012
    neurotransmitter  	---	  0.0000718312729119
       extracellular  	---	  0.0000718312409166
topic 31
        rotationally  	---	  0.0000717543018985
          ellipsoids  	---	  0.0000717020172763
          curvatures  	---	  0.0000717000678195
     logarithmically  	---	  0.0000716985592507
         spherically  	---	  0.0000716974424533
              spline  	---	  0.0000716961760498
         discretized  	---	  0.0000716955993609
              planar  	---	  0.0000716952935751
       quadratically  	---	  0.0000716934584383
         hypersphere  	---	  0.0000716912173897
topic 32
             finance  	---	  0.0000716952697538
           portfolio  	---	  0.0000716283936834
            managing  	---	  0.0000716156937144
          investment  	---	  0.0000716079790662
      administration  	---	  0.0000716045891657
           corporate  	---	  0.0000716038265870
           financial  	---	  0.0000716018536688
            ministry  	---	  0.0000715994397747
          management  	---	  0.0000715982879135
            business  	---	  0.0000715974315968
topic 33
              acuity  	---	  0.0000717728476647
           binocular  	---	  0.0000717098141306
            saccades  	---	  0.0000717054743900
           monocular  	---	  0.0000717017155553
      proprioceptive  	---	  0.0000717000384719
          stereopsis  	---	  0.0000716941109224
          impairment  	---	  0.0000716923973751
         attentional  	---	  0.0000716919201897
         sensitivity  	---	  0.0000716893974022
            auditory  	---	  0.0000716870036172
topic 34
              visual  	---	  0.0000717697654804
        stereoscopic  	---	  0.0000716751474465
       visualization  	---	  0.0000716606343935
                cues  	---	  0.0000716460501133
          techniques  	---	  0.0000716426850080
       visualisation  	---	  0.0000716415545789
            visually  	---	  0.0000716412700720
          perceptual  	---	  0.0000716399814239
             tactile  	---	  0.0000716392758986
          conceptual  	---	  0.0000716381728116
topic 35
           attempted  	---	  0.0062810309786621
          attempting  	---	  0.0035376165560776
             attempt  	---	  0.0024598060878264
              forced  	---	  0.0022745826363329
            attempts  	---	  0.0020966115338030
             forcing  	---	  0.0020963033767851
              sought  	---	  0.0018594996773439
             seeking  	---	  0.0017538846707902
             sending  	---	  0.0016481202851385
            demanded  	---	  0.0015480455150864
topic 36
                 vmm  	---	  0.0000717911255770
                 sys  	---	  0.0000716459395654
                  jz  	---	  0.0000716295670985
                 fsm  	---	  0.0000716187430327
                  rw  	---	  0.0000716169893602
                envi  	---	  0.0000716159392525
                  v5  	---	  0.0000716147001059
                0.10  	---	  0.0000716137647631
                 010  	---	  0.0000716137647631
               sparc  	---	  0.0000716127575226
topic 37
                  ah  	---	  0.0039529412807431
                 a.h  	---	  0.0039529412807431
                  ay  	---	  0.0012870403953020
                  ye  	---	  0.0012650595608412
                  iy  	---	  0.0012280068124544
                 suf  	---	  0.0010228241924061
                  ow  	---	  0.0009279658561789
                 ful  	---	  0.0008640313935077
                 kam  	---	  0.0008552277844059
                 lat  	---	  0.0008236120332033
topic 38
             variety  	---	  0.0000720106592645
           multitude  	---	  0.0000718411940517
             diverse  	---	  0.0000718258752325
              varied  	---	  0.0000718173167144
       presentations  	---	  0.0000717986799468
          specialize  	---	  0.0000717951996882
           primarily  	---	  0.0000717900814239
            addition  	---	  0.0000717899970278
               kinds  	---	  0.0000717871615042
            numerous  	---	  0.0000717819833581
topic 39
                 338  	---	  0.0015385037916465
                 324  	---	  0.0012876432376882
                 371  	---	  0.0012724294030065
                 343  	---	  0.0012478272494370
                 378  	---	  0.0012437053744979
                 283  	---	  0.0012420830927128
                 273  	---	  0.0012394132853269
                 332  	---	  0.0012344170017045
                 394  	---	  0.0012285066726351
                 352  	---	  0.0012283263641321
topic 40
                nmda  	---	  0.0040589948721835
                ampa  	---	  0.0033325914413311
            receptor  	---	  0.0032299757069313
           serotonin  	---	  0.0029348024979075
           receptors  	---	  0.0028785639425866
          inhibitory  	---	  0.0028704736322582
       acetylcholine  	---	  0.0027677554831178
          endogenous  	---	  0.0027364996099075
            dopamine  	---	  0.0027357806523623
    neurotransmitter  	---	  0.0026416677134905
topic 41
             tenorio  	---	  0.0000719551968865
              sereno  	---	  0.0000717937682289
             eduardo  	---	  0.0000717846125672
           carbonell  	---	  0.0000717777122860
           rodriguez  	---	  0.0000717675157638
              javier  	---	  0.0000717663366019
             pereira  	---	  0.0000717613016552
              garcia  	---	  0.0000717594019963
            martinez  	---	  0.0000717580080601
              pineda  	---	  0.0000717565968540
topic 42
            siggraph  	---	  0.0000716929044781
                 acm  	---	  0.0000715730796444
           symposium  	---	  0.0000715707611572
                aaai  	---	  0.0000715695387427
         interactive  	---	  0.0000715551807189
           presented  	---	  0.0000715529114300
        stereoscopic  	---	  0.0000715528949345
        audio-visual  	---	  0.0000715527039613
         audiovisual  	---	  0.0000715527039613
              visual  	---	  0.0000715501503292
topic 43
             accepts  	---	  0.0000719089838354
             assures  	---	  0.0000718419533564
              agrees  	---	  0.0000718412603421
              admits  	---	  0.0000718211850562
             decides  	---	  0.0000718149700956
              learns  	---	  0.0000718025524589
               tells  	---	  0.0000718006636429
             chooses  	---	  0.0000717955875066
             reveals  	---	  0.0000717949388659
            realizes  	---	  0.0000717906743726
topic 44
                  ho  	---	  0.0000717071917338
                 lai  	---	  0.0000716452815435
                  ng  	---	  0.0000716423872458
                 kam  	---	  0.0000716421357979
                  mo  	---	  0.0000716353733239
                  zh  	---	  0.0000716299542080
                 mai  	---	  0.0000716289545184
                  lu  	---	  0.0000716282472226
               chung  	---	  0.0000716274075658
                 tam  	---	  0.0000716267255978
topic 45
          organizing  	---	  0.0000717570147013
            organize  	---	  0.0000716709472603
               labor  	---	  0.0000716518506354
            actively  	---	  0.0000716513468763
        organization  	---	  0.0000716505739102
        coordinating  	---	  0.0000716435520193
              social  	---	  0.0000716351613655
          activities  	---	  0.0000716346965250
       organizations  	---	  0.0000716315558939
          collective  	---	  0.0000716311572546
topic 46
     post-processing  	---	  0.0000716866648238
      postprocessing  	---	  0.0000716866648238
          resampling  	---	  0.0000716508454873
      initialisation  	---	  0.0000716446800726
           pipelined  	---	  0.0000716439536075
       preprocessing  	---	  0.0000716435364854
      pre-processing  	---	  0.0000716435364854
         recognizers  	---	  0.0000716433663727
        thresholding  	---	  0.0000716431847096
        initializing  	---	  0.0000716405824162
topic 47
           spatially  	---	  0.0000719147608865
     discontinuities  	---	  0.0000718367378963
      directionality  	---	  0.0000718306235189
      spatiotemporal  	---	  0.0000718288027296
     spatio-temporal  	---	  0.0000718288027296
             spatial  	---	  0.0000718267635376
        deformations  	---	  0.0000718245643976
         macroscopic  	---	  0.0000718214743004
         oscillatory  	---	  0.0000718205768387
          geometries  	---	  0.0000718200189239
topic 48
              traced  	---	  0.0000719699684190
            inferred  	---	  0.0000717689948609
          originated  	---	  0.0000717625319231
               dates  	---	  0.0000717526047149
             deduced  	---	  0.0000717473592253
              traces  	---	  0.0000717450203212
              derive  	---	  0.0000717440817076
               trace  	---	  0.0000717384284392
         reconstruct  	---	  0.0000717374565675
            decipher  	---	  0.0000717283605460
topic 49
             strings  	---	  0.0000716920264621
              string  	---	  0.0000716541381805
              chords  	---	  0.0000716508240089
             octaves  	---	  0.0000716367402278
              octave  	---	  0.0000716136211170
               tones  	---	  0.0000716133823891
         instruments  	---	  0.0000716115705078
             untuned  	---	  0.0000716095655228
               chord  	---	  0.0000716089496250
           harmonies  	---	  0.0000716074747384
topic 50
          discussion  	---	  0.0080812359380204
               topic  	---	  0.0042663140454428
         discussions  	---	  0.0037933252461863
           questions  	---	  0.0028078113151510
              debate  	---	  0.0024637458138882
          discussing  	---	  0.0020310516664263
              topics  	---	  0.0019967133300560
        perspectives  	---	  0.0019773457707062
          viewpoints  	---	  0.0018608860695337
              issues  	---	  0.0017383167460258
topic 51
          elementary  	---	  0.0084579638420255
              school  	---	  0.0046651497544549
           secondary  	---	  0.0035629674381590
                 isd  	---	  0.0035540067023759
                prep  	---	  0.0032184555333778
                high  	---	  0.0027218828325419
              magnet  	---	  0.0022104702849406
            students  	---	  0.0016757196269414
             primary  	---	  0.0015092893430886
              campus  	---	  0.0014182722540621
topic 52
             queried  	---	  0.0000716760760630
              verify  	---	  0.0000716085879936
           verifying  	---	  0.0000715928372052
        communicated  	---	  0.0000715890429666
             queries  	---	  0.0000715773324622
        circumvented  	---	  0.0000715764766547
            checking  	---	  0.0000715720799001
           summarize  	---	  0.0000715690278645
             decoded  	---	  0.0000715685794317
            querying  	---	  0.0000715668707268
topic 53
                 751  	---	  0.0000717280468210
                 841  	---	  0.0000717105755539
                 668  	---	  0.0000717102754929
                 897  	---	  0.0000717093532468
                 753  	---	  0.0000717085435707
                 788  	---	  0.0000717075662188
                 859  	---	  0.0000717069483788
                 892  	---	  0.0000717058950276
                 842  	---	  0.0000717054538322
                 893  	---	  0.0000717049937675
topic 54
                 355  	---	  0.0000716910426020
                 522  	---	  0.0000716766197160
                 309  	---	  0.0000716754849519
                 421  	---	  0.0000716739056598
                 352  	---	  0.0000716734579702
                 378  	---	  0.0000716728346289
                2.72  	---	  0.0000716722906460
                 272  	---	  0.0000716722906460
                 607  	---	  0.0000716720491263
                 321  	---	  0.0000716712954641
topic 55
               happy  	---	  0.0060579837923083
                love  	---	  0.0030978884319899
            remember  	---	  0.0026080375043153
              forget  	---	  0.0025008261011828
               thing  	---	  0.0021265640368137
               lucky  	---	  0.0019833932643063
                fool  	---	  0.0019230014158953
                 fun  	---	  0.0017887375293322
                 mum  	---	  0.0017009285415234
                feel  	---	  0.0016641924799093
topic 56
             stimuli  	---	  0.0000716708807911
             sensory  	---	  0.0000716359070007
         attentional  	---	  0.0000716334197912
              elicit  	---	  0.0000716290586323
            auditory  	---	  0.0000716273047735
         stimulation  	---	  0.0000716261095803
         habituation  	---	  0.0000716237046876
          potentials  	---	  0.0000716225664117
           synchrony  	---	  0.0000716223325935
      proprioceptive  	---	  0.0000716215727577
topic 57
                fast  	---	  0.0078774102863151
               quick  	---	  0.0017040351295757
                slow  	---	  0.0016758415626725
             quicker  	---	  0.0014253879666043
              faster  	---	  0.0012988183149273
              slower  	---	  0.0012366598110617
                pace  	---	  0.0012315790195214
                spin  	---	  0.0010941596622829
               loads  	---	  0.0009872641441803
                easy  	---	  0.0009831330561494
topic 58
               fifty  	---	  0.0000719131012996
              twenty  	---	  0.0000718890627468
               forty  	---	  0.0000718886451636
              thirty  	---	  0.0000718728387761
             hundred  	---	  0.0000718633010487
            thousand  	---	  0.0000718439084064
                 ten  	---	  0.0000718360748641
             fifteen  	---	  0.0000718287959587
               dozen  	---	  0.0000718280125436
              twelve  	---	  0.0000718111417328
topic 59
           decreased  	---	  0.0000716981723062
            decrease  	---	  0.0000716625323747
           increased  	---	  0.0000716610329848
               rates  	---	  0.0000716362745296
           increases  	---	  0.0000716334102438
          decreasing  	---	  0.0000716279402148
           incidence  	---	  0.0000716248576977
          increasing  	---	  0.0000716215917019
            increase  	---	  0.0000716215182452
           mortality  	---	  0.0000716213811248
