topic 0
                 707  	---	  0.0000491347680280
                 727  	---	  0.0000491247327040
                 777  	---	  0.0000491203087639
                 757  	---	  0.0000491166127630
                 801  	---	  0.0000491070873132
              boeing  	---	  0.0000491066656954
                 703  	---	  0.0000491006368531
            airliner  	---	  0.0000491001016038
                 427  	---	  0.0000490983580624
                 402  	---	  0.0000490982613417
topic 1
             norfolk  	---	  0.0000491494444081
             chatham  	---	  0.0000491342637722
               dover  	---	  0.0000491238872269
             hampton  	---	  0.0000491181638129
            richmond  	---	  0.0000491154204502
          charleston  	---	  0.0000491114154536
           annapolis  	---	  0.0000491104688378
             bedford  	---	  0.0000491095457987
            plymouth  	---	  0.0000491063004569
                kent  	---	  0.0000491059508061
topic 2
          skepticism  	---	  0.0000491293968992
          relativism  	---	  0.0000491092932627
      contradictions  	---	  0.0000491075076429
         objectivity  	---	  0.0000491059009844
          assertions  	---	  0.0000491056114009
         conclusions  	---	  0.0000491041492193
        speculations  	---	  0.0000491037130858
           criticism  	---	  0.0000491034935662
            theories  	---	  0.0000491025132898
          persuasive  	---	  0.0000491017982546
topic 3
               naval  	---	  0.0000491494517140
                navy  	---	  0.0000491365500531
               fleet  	---	  0.0000491236964729
             command  	---	  0.0000491197497295
               troop  	---	  0.0000491181216746
             marines  	---	  0.0000491160358293
               force  	---	  0.0000491158405984
              escort  	---	  0.0000491157959763
          detachment  	---	  0.0000491145600318
                usaf  	---	  0.0000491137075019
topic 4
            existing  	---	  0.0000491225993543
           upgrading  	---	  0.0000490916859694
           construct  	---	  0.0000490888266758
        improvements  	---	  0.0000490842846350
        constructing  	---	  0.0000490831557941
          extensions  	---	  0.0000490811020920
             upgrade  	---	  0.0000490800860892
               build  	---	  0.0000490795527706
             schemes  	---	  0.0000490789793078
         incorporate  	---	  0.0000490787234409
topic 5
             proving  	---	  0.0000491260941175
               prove  	---	  0.0000490919058683
              proved  	---	  0.0000490911409322
              proves  	---	  0.0000490852722833
             finding  	---	  0.0000490804019910
                flaw  	---	  0.0000490799014888
          impossible  	---	  0.0000490792096058
              proven  	---	  0.0000490776333775
          convincing  	---	  0.0000490761574302
           plausible  	---	  0.0000490724819515
topic 6
         compilation  	---	  0.0000491324234143
                  lp  	---	  0.0000491231734671
                  cd  	---	  0.0000491203504630
               album  	---	  0.0000491195745454
                  ep  	---	  0.0000491180954668
                demo  	---	  0.0000491123603883
                 eps  	---	  0.0000491091509451
               demos  	---	  0.0000491083341963
            released  	---	  0.0000491074286413
             sampler  	---	  0.0000491073600949
topic 7
                  lm  	---	  0.0000491419112886
                  lf  	---	  0.0000491052288242
                  z5  	---	  0.0000491047892121
                 s&l  	---	  0.0000491031402907
                  sl  	---	  0.0000491031402907
                  af  	---	  0.0000491012711402
                  fj  	---	  0.0000491003036018
                  cs  	---	  0.0000490992562248
                  vl  	---	  0.0000490989766983
                  yx  	---	  0.0000490985814432
topic 8
                  uy  	---	  0.0000491360536656
                 thu  	---	  0.0000491030396366
                 ngu  	---	  0.0000490995427270
                  iy  	---	  0.0000490987341957
                  ng  	---	  0.0000490947240370
                  ri  	---	  0.0000490936009725
                  mo  	---	  0.0000490927709580
                tran  	---	  0.0000490923394324
                  jy  	---	  0.0000490917063522
                  zh  	---	  0.0000490911616108
topic 9
                 cit  	---	  0.0000491367063782
                 des  	---	  0.0000491157406164
                  du  	---	  0.0000491149513367
                conf  	---	  0.0000491142792148
                 ont  	---	  0.0000491140266588
            institut  	---	  0.0000491127842060
                 cle  	---	  0.0000491127477602
                coll  	---	  0.0000491122413574
               ville  	---	  0.0000491116352859
                 mus  	---	  0.0000491112679046
topic 10
              denver  	---	  0.0000491349266183
              dallas  	---	  0.0000491256397511
             houston  	---	  0.0000491230880267
             seattle  	---	  0.0000491200615237
               miami  	---	  0.0000491194608167
             atlanta  	---	  0.0000491187602524
           cleveland  	---	  0.0000491185114237
             detroit  	---	  0.0000491184035576
          pittsburgh  	---	  0.0000491175955588
               tulsa  	---	  0.0000491175192938
topic 11
                 sed  	---	  0.0000491517718964
                 pds  	---	  0.0000491005549285
           socialist  	---	  0.0000490992998719
                 cda  	---	  0.0000490990190964
          socialists  	---	  0.0000490960018771
                 pli  	---	  0.0000490953124246
                 spd  	---	  0.0000490941251158
                 frg  	---	  0.0000490920143620
                vort  	---	  0.0000490880441333
           socialism  	---	  0.0000490877595801
topic 12
           overwhelm  	---	  0.0000491157503194
             inflict  	---	  0.0000490884335276
             disrupt  	---	  0.0000490879099519
             risking  	---	  0.0000490820113075
               evade  	---	  0.0000490814896578
             destroy  	---	  0.0000490809361572
           resorting  	---	  0.0000490794692182
              harass  	---	  0.0000490794321149
              thwart  	---	  0.0000490794285326
                wipe  	---	  0.0000490793896328
topic 13
             sturges  	---	  0.0000491619159687
              wilder  	---	  0.0000491352879811
             mitchum  	---	  0.0000491349680514
            milligan  	---	  0.0000491302016014
              finney  	---	  0.0000491277122157
             shirley  	---	  0.0000491268055804
               flynn  	---	  0.0000491251215506
                 kay  	---	  0.0000491251189775
               harry  	---	  0.0000491237600328
            griffith  	---	  0.0000491234267343
topic 14
           saskatoon  	---	  0.0000491400016853
              ottawa  	---	  0.0000491158603629
             ontario  	---	  0.0000491149456476
            edmonton  	---	  0.0000491145167120
         mississauga  	---	  0.0000491103623411
         fredericton  	---	  0.0000491079787896
             alberta  	---	  0.0000491078668881
            winnipeg  	---	  0.0000491073259295
             sudbury  	---	  0.0000491068436380
        saskatchewan  	---	  0.0000491064607579
topic 15
                ping  	---	  0.0000491321125616
                 kai  	---	  0.0000490912538854
                ting  	---	  0.0000490876086893
                 kan  	---	  0.0000490865488693
                 ngu  	---	  0.0000490861520131
                  zi  	---	  0.0000490851401135
                 mak  	---	  0.0000490846263837
                  ru  	---	  0.0000490838197241
                  ko  	---	  0.0000490833016232
                 mai  	---	  0.0000490831592078
topic 16
               turku  	---	  0.0000491417454599
             tampere  	---	  0.0000491236993520
                oulu  	---	  0.0000491230738493
          copenhagen  	---	  0.0000491201388976
            helsinki  	---	  0.0000491196201616
              aarhus  	---	  0.0000491179161429
           stockholm  	---	  0.0000491176043985
          gothenburg  	---	  0.0000491139765446
           trondheim  	---	  0.0000491124551738
                oslo  	---	  0.0000491106030696
topic 17
         agriculture  	---	  0.0000491431218822
        agricultural  	---	  0.0000491296053809
             tourism  	---	  0.0000491074180677
             farming  	---	  0.0000491045793190
             economy  	---	  0.0000490985794677
          industries  	---	  0.0000490972741482
           resources  	---	  0.0000490957440603
            industry  	---	  0.0000490956159396
              sector  	---	  0.0000490955477590
         subsistence  	---	  0.0000490952446824
topic 18
         prosecution  	---	  0.0000491368056856
          indictment  	---	  0.0000491250123955
         prosecutors  	---	  0.0000491244271732
          conviction  	---	  0.0000491217715599
           prosecute  	---	  0.0000491202395480
          defendants  	---	  0.0000491199471339
           defendant  	---	  0.0000491192786107
          misconduct  	---	  0.0000491170201662
            criminal  	---	  0.0000491144282952
          wrongdoing  	---	  0.0000491142587384
topic 19
               divya  	---	  0.0000491347580608
                guru  	---	  0.0000491189106380
             krishna  	---	  0.0000491174940921
                 dev  	---	  0.0000491162244437
               rahul  	---	  0.0000491147126804
               satya  	---	  0.0000491142662201
           prabhakar  	---	  0.0000491142624501
               seema  	---	  0.0000491135893674
               kiran  	---	  0.0000491129642918
              deepak  	---	  0.0000491101918139
topic 20
          postmaster  	---	  0.0000491334428925
               clerk  	---	  0.0000491032779913
            governor  	---	  0.0000490997863184
            attorney  	---	  0.0000490935444293
            surveyor  	---	  0.0000490926375258
           secretary  	---	  0.0000490905483464
         congressman  	---	  0.0000490896645323
          lieutenant  	---	  0.0000490893748542
             senator  	---	  0.0000490854770511
               hiram  	---	  0.0000490836348900
topic 21
              idiocy  	---	  0.0000491169371126
           stupidity  	---	  0.0000491011418298
            delusion  	---	  0.0000490960484241
            perverse  	---	  0.0000490956436763
         selfishness  	---	  0.0000490943770996
           ignorance  	---	  0.0000490943650611
           absurdity  	---	  0.0000490940199504
         foolishness  	---	  0.0000490933264438
           deceitful  	---	  0.0000490902687895
        helplessness  	---	  0.0000490890476497
topic 22
             concede  	---	  0.0000491236695998
             dismiss  	---	  0.0000490892891796
              failed  	---	  0.0000490889742188
          convincing  	---	  0.0000490872460759
           opponents  	---	  0.0000490840498631
             assured  	---	  0.0000490832010159
             prevail  	---	  0.0000490819531010
           insisting  	---	  0.0000490809315036
                deny  	---	  0.0000490808162689
           unwilling  	---	  0.0000490807412056
topic 23
             robbins  	---	  0.0000491422891252
              meyers  	---	  0.0000491284432491
            schwartz  	---	  0.0000491277509860
             nichols  	---	  0.0000491269852322
             hartman  	---	  0.0000491269712582
                kaye  	---	  0.0000491254654374
             jeffrey  	---	  0.0000491253235135
               moore  	---	  0.0000491252095360
               alvin  	---	  0.0000491250008331
              brooks  	---	  0.0000491247218838
topic 24
                 mil  	---	  0.0000491285877413
                 oto  	---	  0.0000490968412724
                  ja  	---	  0.0000490858277241
                 mag  	---	  0.0000490856978374
                  ci  	---	  0.0000490851829235
                 mas  	---	  0.0000490837730937
                  gv  	---	  0.0000490832150432
                  iz  	---	  0.0000490821979446
                  pt  	---	  0.0000490818566839
                  ae  	---	  0.0000490811720924
topic 25
             alberto  	---	  0.0000491344791128
              adolfo  	---	  0.0000491266469644
               jorge  	---	  0.0000491258618244
              carlos  	---	  0.0000491254604617
             roberto  	---	  0.0000491233971010
              rafael  	---	  0.0000491232687745
                luis  	---	  0.0000491232202098
              manuel  	---	  0.0000491226752632
             ricardo  	---	  0.0000491221587836
            fernando  	---	  0.0000491217266188
topic 26
         originating  	---	  0.0000491322353287
           originate  	---	  0.0000490971340543
          originated  	---	  0.0000490914080126
         predominant  	---	  0.0000490791652434
               latin  	---	  0.0000490755539054
             derives  	---	  0.0000490732748051
              origin  	---	  0.0000490725333036
              refers  	---	  0.0000490715328509
               forms  	---	  0.0000490707064410
             western  	---	  0.0000490702162098
topic 27
             exhibit  	---	  0.0000491289325247
            exhibits  	---	  0.0000491096830029
        reproduction  	---	  0.0000490809295182
            displays  	---	  0.0000490730109264
             complex  	---	  0.0000490718161161
              exotic  	---	  0.0000490716729541
           exhibited  	---	  0.0000490713027779
            patterns  	---	  0.0000490697649781
          structures  	---	  0.0000490688637881
             display  	---	  0.0000490686264066
topic 28
             enjoyed  	---	  0.0000491308811267
            enjoying  	---	  0.0000491036101419
              gained  	---	  0.0000490918200903
          enormously  	---	  0.0000490915049764
             success  	---	  0.0000490884431087
           immensely  	---	  0.0000490875702075
           attracted  	---	  0.0000490868574470
          reputation  	---	  0.0000490857818200
        tremendously  	---	  0.0000490850667185
           successes  	---	  0.0000490830922835
topic 29
                  0g  	---	  0.0000491294535935
                  6g  	---	  0.0000491015276261
                  o3  	---	  0.0000490949568926
                  1g  	---	  0.0000490927427633
                  wt  	---	  0.0000490909128850
                  2h  	---	  0.0000490907898582
                  3h  	---	  0.0000490907044717
                  6r  	---	  0.0000490904791273
                  6v  	---	  0.0000490903376591
                  ml  	---	  0.0000490895174168
topic 30
           remembers  	---	  0.0000491205873469
              thinks  	---	  0.0000491068046923
               tells  	---	  0.0000491055457439
              learns  	---	  0.0000491047699747
            realizes  	---	  0.0000491043978941
             reminds  	---	  0.0000491040561512
           complains  	---	  0.0000491033621219
               hates  	---	  0.0000491023948732
                sees  	---	  0.0000491008423930
             telling  	---	  0.0000491004774096
topic 31
              hitter  	---	  0.0000491299011360
           shortstop  	---	  0.0000491116800292
             catcher  	---	  0.0000491112344133
             fielder  	---	  0.0000491108603135
            pitching  	---	  0.0000491106114130
             hitters  	---	  0.0000491100900495
            reliever  	---	  0.0000491096856860
             leadoff  	---	  0.0000491086238258
             pitcher  	---	  0.0000491082507756
             baseman  	---	  0.0000491064247206
topic 32
                risc  	---	  0.0000491275995007
      microprocessor  	---	  0.0000491174523153
            nextstep  	---	  0.0000491156469297
           processor  	---	  0.0000491154013761
             powerpc  	---	  0.0000491151247486
                 x86  	---	  0.0000491144560715
                 vax  	---	  0.0000491139976850
           windowing  	---	  0.0000491138089587
         coprocessor  	---	  0.0000491127333507
        co-processor  	---	  0.0000491127333507
topic 33
          mechanical  	---	  0.0000491197870569
          electrical  	---	  0.0000491068477738
        aerodynamics  	---	  0.0000490870191154
           precision  	---	  0.0000490867866563
              optics  	---	  0.0000490844826864
         fabrication  	---	  0.0000490840440393
               laser  	---	  0.0000490835868455
           vibration  	---	  0.0000490827406116
           hydraulic  	---	  0.0000490825683221
              vacuum  	---	  0.0000490822852791
topic 34
         understands  	---	  0.0000491195878526
            believes  	---	  0.0000491017897132
              thinks  	---	  0.0000490992642286
            explains  	---	  0.0000490980189639
        acknowledges  	---	  0.0000490973418294
               feels  	---	  0.0000490972793601
             reminds  	---	  0.0000490963971795
           genuinely  	---	  0.0000490947522169
             rejects  	---	  0.0000490944522549
             insists  	---	  0.0000490941531168
topic 35
              reagan  	---	  0.0000491313571853
               nixon  	---	  0.0000491168695989
                bush  	---	  0.0000491068516282
               biden  	---	  0.0000491045631642
             clinton  	---	  0.0000491011427518
              ronald  	---	  0.0000490997465489
              dwight  	---	  0.0000490982189119
             hillary  	---	  0.0000490956303029
                dole  	---	  0.0000490943212470
           president  	---	  0.0000490942920743
topic 36
                sand  	---	  0.0000491509681257
                 mud  	---	  0.0000491386650491
               rocks  	---	  0.0000491266567143
             shallow  	---	  0.0000491248664948
               grass  	---	  0.0000491172327836
                pond  	---	  0.0000491148149555
                 ash  	---	  0.0000491147920545
               sands  	---	  0.0000491128065426
                lava  	---	  0.0000491124959001
                soil  	---	  0.0000491121287702
topic 37
                 owe  	---	  0.0000491272883726
             deserve  	---	  0.0000490969033929
                lend  	---	  0.0000490897632642
           sincerely  	---	  0.0000490852129247
            honestly  	---	  0.0000490848349509
              remind  	---	  0.0000490830588456
              admire  	---	  0.0000490799682727
              offend  	---	  0.0000490789957941
              justly  	---	  0.0000490774447929
              bother  	---	  0.0000490760574577
topic 38
              sanjay  	---	  0.0000491486964154
               kiran  	---	  0.0000491395828706
               seema  	---	  0.0000491371069557
             sanjeev  	---	  0.0000491366552941
               rahul  	---	  0.0000491366224739
               ashok  	---	  0.0000491364046530
                ajay  	---	  0.0000491362484606
              suresh  	---	  0.0000491361713655
              deepak  	---	  0.0000491352396173
           prabhakar  	---	  0.0000491347418908
topic 39
            lanphier  	---	  0.0000491269489531
             herndon  	---	  0.0000490890527888
               foard  	---	  0.0000490867487319
              vernon  	---	  0.0000490867060652
               meade  	---	  0.0000490853697748
              gaines  	---	  0.0000490848857943
            caldwell  	---	  0.0000490846904335
            rutledge  	---	  0.0000490842235133
            randolph  	---	  0.0000490836479545
              cuyler  	---	  0.0000490836041413
topic 40
                plea  	---	  0.0000491249941639
          conviction  	---	  0.0000491081680877
          indictment  	---	  0.0000491039755541
            pleading  	---	  0.0000491025916989
             verdict  	---	  0.0000491020200481
         prosecutors  	---	  0.0000491003526815
           complaint  	---	  0.0000490994390089
               plead  	---	  0.0000490991747401
         prosecution  	---	  0.0000490988969371
           affidavit  	---	  0.0000490981567969
topic 41
               beast  	---	  0.0000491200290976
             monster  	---	  0.0000491078258483
             vampire  	---	  0.0000491015734115
              wizard  	---	  0.0000490998807188
              dragon  	---	  0.0000490994689204
            darkness  	---	  0.0000490976705263
               ghost  	---	  0.0000490974323216
          apocalypse  	---	  0.0000490968069885
                evil  	---	  0.0000490967519502
           wolverine  	---	  0.0000490967313920
topic 42
                orig  	---	  0.0000491240970092
                anon  	---	  0.0000490817854477
                blir  	---	  0.0000490782299845
               voila  	---	  0.0000490778990674
            souviens  	---	  0.0000490746789978
                  zo  	---	  0.0000490711874991
                  jq  	---	  0.0000490711439422
                ouch  	---	  0.0000490704191023
                 duh  	---	  0.0000490685831844
                 vus  	---	  0.0000490683676017
topic 43
          homophobic  	---	  0.0000491318371209
              racist  	---	  0.0000491226541672
              sexist  	---	  0.0000491149770438
           blatantly  	---	  0.0000491099397479
        hypocritical  	---	  0.0000491066294554
             blatant  	---	  0.0000491048280056
            ridicule  	---	  0.0000491040370911
           hypocrisy  	---	  0.0000491026385249
              racism  	---	  0.0000491022698357
          prejudiced  	---	  0.0000491019416678
topic 44
                  x3  	---	  0.0000491215314626
                  g5  	---	  0.0000491050787628
                  2u  	---	  0.0000491043998610
                  x6  	---	  0.0000491027694877
                  x1  	---	  0.0000491023136438
                  xt  	---	  0.0000491016513212
                  x7  	---	  0.0000491009660402
                  xg  	---	  0.0000490995146005
                  x4  	---	  0.0000490994839054
                  x2  	---	  0.0000490990316063
topic 45
                  zt  	---	  0.0000491322272230
                  ev  	---	  0.0000490979740203
                  ar  	---	  0.0000490941814682
                  zr  	---	  0.0000490924259894
                  zj  	---	  0.0000490916055487
                  od  	---	  0.0000490915513784
                  zk  	---	  0.0000490906548195
                  lk  	---	  0.0000490901221621
                  qo  	---	  0.0000490900534894
               mutlu  	---	  0.0000490895343587
topic 46
                 und  	---	  0.0000491369922330
                 der  	---	  0.0000491268517908
               nicht  	---	  0.0000491226251607
                fuer  	---	  0.0000491211912346
                 ein  	---	  0.0000491186270557
                  tz  	---	  0.0000491156680674
                 gro  	---	  0.0000491146625491
                 ihr  	---	  0.0000491114991672
                 dem  	---	  0.0000491083250364
                 ist  	---	  0.0000491075603476
topic 47
            stranger  	---	  0.0053976515763098
             strange  	---	  0.0023488776431811
                fool  	---	  0.0022922402305284
           heartless  	---	  0.0019210453752820
              dreams  	---	  0.0018516161522000
           nightmare  	---	  0.0018448419357559
                pity  	---	  0.0017472413005792
               dream  	---	  0.0017244073880308
            horrible  	---	  0.0014911522803370
              wicked  	---	  0.0014907460472449
topic 48
            training  	---	  0.0000491316209452
           readiness  	---	  0.0000491037899131
         instructors  	---	  0.0000491006188424
           personnel  	---	  0.0000490973338921
           exercises  	---	  0.0000490944720385
        marksmanship  	---	  0.0000490943127030
          instructor  	---	  0.0000490934233909
           intensive  	---	  0.0000490908591155
          specialist  	---	  0.0000490890789411
         operational  	---	  0.0000490878589444
topic 49
                 don  	---	  0.0000491267364898
                 gil  	---	  0.0000491030625646
                 mel  	---	  0.0000491026552194
               louie  	---	  0.0000490936127822
               lucas  	---	  0.0000490935344893
                rudy  	---	  0.0000490919411019
                 jim  	---	  0.0000490903441339
             charlie  	---	  0.0000490892285166
               lopez  	---	  0.0000490885367991
              marvin  	---	  0.0000490880067689
topic 50
                  zu  	---	  0.0000491283132019
                  tz  	---	  0.0000490999232943
            albrecht  	---	  0.0000490941381930
                 von  	---	  0.0000490929553060
                 und  	---	  0.0000490924853750
                 bei  	---	  0.0000490921856407
           friedrich  	---	  0.0000490918455643
                 der  	---	  0.0000490917395581
               nicht  	---	  0.0000490895103604
              schuch  	---	  0.0000490882801545
topic 51
                bean  	---	  0.0000491351478760
               lemon  	---	  0.0000491170911724
              pepper  	---	  0.0000491128781372
              potato  	---	  0.0000491124795831
             chicken  	---	  0.0000491117808460
             peanuts  	---	  0.0000491111069071
             mustard  	---	  0.0000491089468737
                rice  	---	  0.0000491087946723
              banana  	---	  0.0000491080516628
                soup  	---	  0.0000491079692751
topic 52
              credit  	---	  0.0000491228740907
             payment  	---	  0.0000490978790895
               loans  	---	  0.0000490976733692
            payments  	---	  0.0000490966659751
            mortgage  	---	  0.0000490962107146
                fees  	---	  0.0000490931667074
           contracts  	---	  0.0000490924030946
        transactions  	---	  0.0000490919099412
           purchases  	---	  0.0000490915554705
             billing  	---	  0.0000490905262432
topic 53
                  42  	---	  0.0000491415265014
                 4-2  	---	  0.0000491415265014
                 4.2  	---	  0.0000491415265014
                  34  	---	  0.0000491392606203
                 3.4  	---	  0.0000491392606203
                 3-4  	---	  0.0000491392606203
                 3/4  	---	  0.0000491392606203
                 3.8  	---	  0.0000491391346463
                  38  	---	  0.0000491391346463
                 3.7  	---	  0.0000491389173944
topic 54
           returning  	---	  0.0000491305215160
            returned  	---	  0.0000491136366728
              return  	---	  0.0000490959456874
             leaving  	---	  0.0000490959274915
            arriving  	---	  0.0000490925111429
             resumed  	---	  0.0000490867771254
              resume  	---	  0.0000490865340460
           proceeded  	---	  0.0000490864928723
                trip  	---	  0.0000490850350330
            departed  	---	  0.0000490828687132
topic 55
               prone  	---	  0.0000491195180420
            sluggish  	---	  0.0000490950224573
         susceptible  	---	  0.0000490913631845
             overuse  	---	  0.0000490897473586
           extremely  	---	  0.0000490894171307
                mild  	---	  0.0000490891633654
       unpredictable  	---	  0.0000490890253632
          persistent  	---	  0.0000490882912107
           excessive  	---	  0.0000490880278667
         undesirable  	---	  0.0000490878785284
topic 56
             dragons  	---	  0.0000491342579676
            unicorns  	---	  0.0000491022987067
             wizards  	---	  0.0000491015296855
            monsters  	---	  0.0000490960241225
            warriors  	---	  0.0000490923638849
             unicorn  	---	  0.0000490919403922
              beasts  	---	  0.0000490901513204
              mighty  	---	  0.0000490896818568
              titans  	---	  0.0000490878893895
              dragon  	---	  0.0000490868321294
topic 57
          decryption  	---	  0.0000491512266367
          encryption  	---	  0.0000491354035935
            decoding  	---	  0.0000491353645247
       cryptographic  	---	  0.0000491350604079
             decrypt  	---	  0.0000491346164930
          encrypting  	---	  0.0000491342508170
             encrypt  	---	  0.0000491338701231
      initialization  	---	  0.0000491319690543
           encrypted  	---	  0.0000491289245326
          executable  	---	  0.0000491279199532
topic 58
             reacted  	---	  0.0000491212825619
            provoked  	---	  0.0000490943835582
              blamed  	---	  0.0000490890522154
            reacting  	---	  0.0000490856522437
           countered  	---	  0.0000490851048697
           denounced  	---	  0.0000490839226227
           pressured  	---	  0.0000490838786115
              accuse  	---	  0.0000490837713838
            outraged  	---	  0.0000490831267268
           protested  	---	  0.0000490831132611
topic 59
                loop  	---	  0.0000491341799911
            overpass  	---	  0.0000491084368733
                exit  	---	  0.0000491082138122
           connector  	---	  0.0000491070717973
               lanes  	---	  0.0000491025309106
               exits  	---	  0.0000491021003816
          connecting  	---	  0.0000491016998794
            parallel  	---	  0.0000491016267524
                spur  	---	  0.0000491013261253
              bypass  	---	  0.0000491008366714
