topic 0
           considers  	---	  0.0000717526719854
        acknowledges  	---	  0.0000717192733034
             asserts  	---	  0.0000716982374175
              argues  	---	  0.0000716762882544
        demonstrates  	---	  0.0000716694114665
            explains  	---	  0.0000716692472491
           concludes  	---	  0.0000716688461289
             rejects  	---	  0.0000716652407969
             ignores  	---	  0.0000716649759426
              proves  	---	  0.0000716626530530
topic 1
         calculating  	---	  0.0000717511776872
         calculation  	---	  0.0000717169428481
          estimation  	---	  0.0000717013684609
           weighting  	---	  0.0000717006551972
           calculate  	---	  0.0000717003170304
          multiplier  	---	  0.0000716901401845
             optimal  	---	  0.0000716880407064
           parameter  	---	  0.0000716858805108
             entropy  	---	  0.0000716855834666
      discretization  	---	  0.0000716842509329
topic 2
             alcohol  	---	  0.0000717147148870
                drug  	---	  0.0000716351216654
          substances  	---	  0.0000716316348112
        prescription  	---	  0.0000716273414554
           marijuana  	---	  0.0000716252776877
                 thc  	---	  0.0000716200547629
         consumption  	---	  0.0000716149805745
            treating  	---	  0.0000716092112419
             diluted  	---	  0.0000716087634510
        contaminated  	---	  0.0000716003087610
topic 3
         superiority  	---	  0.0070866495404236
           objective  	---	  0.0015360025066970
         numerically  	---	  0.0011528247990687
          formidable  	---	  0.0011514966218891
            strength  	---	  0.0010849821956916
          weaknesses  	---	  0.0010726366134811
            inherent  	---	  0.0010572826786964
           reinforce  	---	  0.0010446453393079
       determination  	---	  0.0010437437989888
            attitude  	---	  0.0009973111076959
topic 4
               solar  	---	  0.0000718197893331
                muon  	---	  0.0000717031472590
               orbit  	---	  0.0000717027522286
            emission  	---	  0.0000717011164839
             emitted  	---	  0.0000716998284611
            infrared  	---	  0.0000716980602113
           infra-red  	---	  0.0000716980602113
             thermal  	---	  0.0000716973574712
              energy  	---	  0.0000716946528714
               earth  	---	  0.0000716909896649
topic 5
            governed  	---	  0.0100832853420801
               board  	---	  0.0024834816397310
             council  	---	  0.0014999703220220
             governs  	---	  0.0014790701544565
           governing  	---	  0.0014210893300022
               elect  	---	  0.0013333839665846
              member  	---	  0.0013148834456714
         constituent  	---	  0.0011608548682663
         represented  	---	  0.0010913789076841
      proportionally  	---	  0.0010620035645845
topic 6
          summarised  	---	  0.0000716748147145
          summarized  	---	  0.0000716286650021
          summarizes  	---	  0.0000715947673034
          elaborated  	---	  0.0000715764041271
           discussed  	---	  0.0000715724070156
           summarize  	---	  0.0000715715241276
          exhaustive  	---	  0.0000715695919039
         explanatory  	---	  0.0000715657516034
         summarizing  	---	  0.0000715643768397
         contradicts  	---	  0.0000715616620029
topic 7
          stretching  	---	  0.0077425948920198
           extending  	---	  0.0041689271139130
             extends  	---	  0.0039489985504759
           stretched  	---	  0.0026687859275098
          separating  	---	  0.0023349740866943
                edge  	---	  0.0020744373160099
             farther  	---	  0.0020280537557227
           separates  	---	  0.0019618610600388
             reaches  	---	  0.0019091906571942
          traversing  	---	  0.0017761269780196
topic 8
                 2nd  	---	  0.0000717409282430
                 3rd  	---	  0.0000717371332889
                 4th  	---	  0.0000717307024581
                 1st  	---	  0.0000717263006272
                 5th  	---	  0.0000717218767181
                 6th  	---	  0.0000717174825348
                 7th  	---	  0.0000717144272148
                 9th  	---	  0.0000716993413282
                 8th  	---	  0.0000716991989434
                11th  	---	  0.0000716864584287
topic 9
        roychowdhury  	---	  0.0000719954697811
               singh  	---	  0.0000719395524909
            niranjan  	---	  0.0000719391123507
              sahani  	---	  0.0000719335574945
              prasad  	---	  0.0000719324623557
                 rao  	---	  0.0000719292385579
               kumar  	---	  0.0000719275589199
               ghosh  	---	  0.0000719264259860
              sharma  	---	  0.0000719246652217
                 dev  	---	  0.0000719228680848
topic 10
                 bar  	---	  0.0000718436617914
                bars  	---	  0.0000716392712683
            billiard  	---	  0.0000716356968262
          dishwasher  	---	  0.0000716319748031
                 bag  	---	  0.0000716287808510
                room  	---	  0.0000716269693831
                shop  	---	  0.0000716262860633
                door  	---	  0.0000716221847857
                tent  	---	  0.0000716147937061
            cocktail  	---	  0.0000716067599781
topic 11
             spartan  	---	  0.0000717951626493
         superiority  	---	  0.0000716241780886
                 foe  	---	  0.0000716164729057
             valiant  	---	  0.0000715984085424
                mech  	---	  0.0000715979814622
          formidable  	---	  0.0000715911854934
            powerful  	---	  0.0000715789553065
              legion  	---	  0.0000715787272455
                 813  	---	  0.0000715778389870
              sphinx  	---	  0.0000715771345403
topic 12
                 742  	---	  0.0000717598480134
                 653  	---	  0.0000717481681460
                 559  	---	  0.0000717476612452
                 643  	---	  0.0000717472498753
                 651  	---	  0.0000717462870480
                 818  	---	  0.0000717461083263
                 781  	---	  0.0000717460480375
                 561  	---	  0.0000717456332120
                 841  	---	  0.0000717452129265
                 568  	---	  0.0000717451615215
topic 13
                 1.7  	---	  0.0000720608196123
                  17  	---	  0.0000720608196123
                 2.2  	---	  0.0000720543291515
                 2/2  	---	  0.0000720543291515
                 2,2  	---	  0.0000720543291515
                 2-2  	---	  0.0000720543291515
                  22  	---	  0.0000720543291515
                 2.3  	---	  0.0000720540955743
                 2,3  	---	  0.0000720540955743
                 2/3  	---	  0.0000720540955743
topic 14
          degenerate  	---	  0.0053630446321632
          degeneracy  	---	  0.0024481892305445
        multiplicity  	---	  0.0016698696376948
            symmetry  	---	  0.0016538552857724
         spherically  	---	  0.0016536115459695
              doubly  	---	  0.0016215006225065
             momenta  	---	  0.0015832059537493
           non-local  	---	  0.0015709874926572
            nonlocal  	---	  0.0015709874926572
         homogeneous  	---	  0.0015220291481199
topic 15
             doubled  	---	  0.0000718127840865
            exceeded  	---	  0.0000716847509803
            doubling  	---	  0.0000716734940736
             reduced  	---	  0.0000716600201710
           projected  	---	  0.0000716562567029
                cost  	---	  0.0000716549494288
            adjusted  	---	  0.0000716505280184
           increased  	---	  0.0000716403067508
           exceeding  	---	  0.0000716383616135
        considerably  	---	  0.0000716313775701
topic 16
            skewness  	---	  0.0000718306975821
            kurtosis  	---	  0.0000717966150216
            variance  	---	  0.0000717894912719
         covariances  	---	  0.0000717880740425
        uncorrelated  	---	  0.0000717835027790
           cumulants  	---	  0.0000717774156100
           bivariate  	---	  0.0000717756302647
             inverse  	---	  0.0000717744264467
     autocorrelation  	---	  0.0000717741558318
       monotonically  	---	  0.0000717734192746
topic 17
           digitized  	---	  0.0081882406075734
          digitizing  	---	  0.0036614084557880
             scanned  	---	  0.0034263605293257
              bitmap  	---	  0.0025518163537900
              raster  	---	  0.0025222859320208
                pdfs  	---	  0.0023028062812510
                 pdf  	---	  0.0022318090302290
          schematics  	---	  0.0021956981640512
               audio  	---	  0.0020175156614237
           templates  	---	  0.0019549457390333
topic 18
            mistaken  	---	  0.0000717700172893
            presumed  	---	  0.0000716688022293
             implied  	---	  0.0000716589815630
            implying  	---	  0.0000716582869067
            supposed  	---	  0.0000716550793035
         erroneously  	---	  0.0000716503707998
          apparently  	---	  0.0000716497855936
            confused  	---	  0.0000716450687312
            believed  	---	  0.0000716441219350
         incorrectly  	---	  0.0000716438508245
topic 19
              howard  	---	  0.0000720291605122
              gordon  	---	  0.0000719808175030
             russell  	---	  0.0000719761729874
              farley  	---	  0.0000719751108683
             wallace  	---	  0.0000719742305531
              gerald  	---	  0.0000719733291172
               scott  	---	  0.0000719703924848
               baker  	---	  0.0000719698980513
            campbell  	---	  0.0000719676235853
              walker  	---	  0.0000719660550339
topic 20
              kanade  	---	  0.0052869285533585
              solves  	---	  0.0007042874419909
          replicator  	---	  0.0006557777391662
                hori  	---	  0.0006480362019414
               kenji  	---	  0.0006416855777956
              murata  	---	  0.0006268146621702
              miyata  	---	  0.0006070610149736
            takeuchi  	---	  0.0006034829128971
           chellappa  	---	  0.0006031834342282
              mitsuo  	---	  0.0005922644484404
topic 21
               rough  	---	  0.0000718203944943
                deep  	---	  0.0000717143858962
                snow  	---	  0.0000717000008233
               loose  	---	  0.0000716938014033
             shallow  	---	  0.0000716851481472
                sand  	---	  0.0000716756022721
              saddle  	---	  0.0000716743112685
             cutting  	---	  0.0000716673695162
               rocks  	---	  0.0000716669678867
                flat  	---	  0.0000716663808328
topic 22
                  69  	---	  0.0000717243650927
                 6.9  	---	  0.0000717243650927
                  59  	---	  0.0000717118399653
                 5.9  	---	  0.0000717118399653
                  73  	---	  0.0000717104402966
                 7.3  	---	  0.0000717104402966
                 8.3  	---	  0.0000717103955190
                  83  	---	  0.0000717103955190
                  71  	---	  0.0000717103272694
                 7.1  	---	  0.0000717103272694
topic 23
      differentiable  	---	  0.0000717248224034
          integrable  	---	  0.0000717086660413
            non-zero  	---	  0.0000717055637871
             nonzero  	---	  0.0000717055637871
            jacobian  	---	  0.0000717054120748
          invertible  	---	  0.0000717019958275
        non-negative  	---	  0.0000717009490090
         nonnegative  	---	  0.0000717009490090
         non-trivial  	---	  0.0000716998152114
          nontrivial  	---	  0.0000716998152114
topic 24
               match  	---	  0.0104107741955649
             matches  	---	  0.0044209433201820
                 win  	---	  0.0037403629391621
               final  	---	  0.0036683369548597
                draw  	---	  0.0029245010120834
             scoring  	---	  0.0027835153950419
              losing  	---	  0.0027330490725711
                 cup  	---	  0.0026613935540515
              scored  	---	  0.0025136059987800
                semi  	---	  0.0023814928749860
topic 25
              events  	---	  0.0000719589433341
               event  	---	  0.0000717965104097
        participants  	---	  0.0000717809439658
       participating  	---	  0.0000717526313783
       presentations  	---	  0.0000717425435110
               women  	---	  0.0000717290038847
             outdoor  	---	  0.0000717263241958
           competing  	---	  0.0000717151384602
          highlights  	---	  0.0000717134581520
           regularly  	---	  0.0000717120816968
topic 26
                 msd  	---	  0.0000716520961530
                 ase  	---	  0.0000715860215205
                 gcm  	---	  0.0000715828811962
                 mmi  	---	  0.0000715816848301
                 hpc  	---	  0.0000715807297405
                 iex  	---	  0.0000715802726271
                 svs  	---	  0.0000715787236534
               infor  	---	  0.0000715782595219
                 ess  	---	  0.0000715782388713
                 mse  	---	  0.0000715781808667
topic 27
                  pt  	---	  0.0000717517729024
                 ins  	---	  0.0000716344956801
                 mil  	---	  0.0000716220671481
                  kd  	---	  0.0000716149457067
                 k-d  	---	  0.0000716149457067
                 nns  	---	  0.0000715984036817
                  gv  	---	  0.0000715967462826
                  mv  	---	  0.0000715930209801
                 ata  	---	  0.0000715919032580
                 det  	---	  0.0000715815195329
topic 28
            hadamard  	---	  0.0000718341606424
             poisson  	---	  0.0000717949618134
              cauchy  	---	  0.0000717915011200
           dirichlet  	---	  0.0000717885771743
           quadratic  	---	  0.0000717875076655
         equivariant  	---	  0.0000717865826465
            jacobian  	---	  0.0000717855685428
             scalars  	---	  0.0000717844931915
         multilinear  	---	  0.0000717842248153
            matrices  	---	  0.0000717826702438
topic 29
              passed  	---	  0.0000717866721446
             granted  	---	  0.0000716571660988
            effected  	---	  0.0000716375983623
                veto  	---	  0.0000716253599295
              sought  	---	  0.0000716228354314
               ruled  	---	  0.0000716198488639
        guaranteeing  	---	  0.0000716196474108
          proceeding  	---	  0.0000716190016715
                 act  	---	  0.0000716180255925
             federal  	---	  0.0000716087475228
topic 30
                tsoi  	---	  0.0000719743046495
                noda  	---	  0.0000718121502135
               seung  	---	  0.0000718014309855
                tsai  	---	  0.0000717958441023
                  bo  	---	  0.0000717811086438
               chang  	---	  0.0000717802581610
                 kai  	---	  0.0000717792593119
                suen  	---	  0.0000717788725500
                choi  	---	  0.0000717785068146
                ting  	---	  0.0000717776904457
topic 31
                cent  	---	  0.0000717197878824
             billion  	---	  0.0000716036608663
               gross  	---	  0.0000716036508121
             percent  	---	  0.0000716006474615
                 mln  	---	  0.0000715977060487
             million  	---	  0.0000715964862165
                 000  	---	  0.0000715941672148
                0.00  	---	  0.0000715941672148
                  50  	---	  0.0000715940328750
                 5.0  	---	  0.0000715940328750
topic 32
                  mk  	---	  0.0000717025829288
                 ivs  	---	  0.0000716256910672
           prototype  	---	  0.0000716066870770
                  qf  	---	  0.0000716042265744
                  bf  	---	  0.0000716030994476
            equipped  	---	  0.0000716023227112
                 6x6  	---	  0.0000715993520214
                  fw  	---	  0.0000715964826914
                  vz  	---	  0.0000715954064000
             engines  	---	  0.0000715928349910
topic 33
                akin  	---	  0.0000719205677205
          contrasted  	---	  0.0000717844821856
            contrast  	---	  0.0000717498231656
           emphasize  	---	  0.0000717450086080
            embodies  	---	  0.0000717431159582
            describe  	---	  0.0000717405451045
         reminiscent  	---	  0.0000717388912812
            familiar  	---	  0.0000717378598689
              embody  	---	  0.0000717366583554
           appealing  	---	  0.0000717362144470
topic 34
            imbedded  	---	  0.0000717437953344
            columnar  	---	  0.0000716494620190
              layers  	---	  0.0000716463437343
             spirals  	---	  0.0000716454312981
            surfaces  	---	  0.0000716427394820
          concentric  	---	  0.0000716336429392
            radially  	---	  0.0000716313246133
           segmented  	---	  0.0000716290234107
                bead  	---	  0.0000716237856552
               beams  	---	  0.0000716236815148
topic 35
               baldi  	---	  0.0052227244625147
               paolo  	---	  0.0028737098396218
                  di  	---	  0.0027433452908054
            girolami  	---	  0.0024364221866264
             lazzaro  	---	  0.0024089225842660
               carlo  	---	  0.0023324291945467
               bruno  	---	  0.0022591336574752
              poggio  	---	  0.0021974611545999
                 nel  	---	  0.0021589585679899
            brunelli  	---	  0.0021281855843467
topic 36
                 rrr  	---	  0.0000718028175274
                mcps  	---	  0.0000716678490943
                  tm  	---	  0.0000716621910968
                 p-1  	---	  0.0000716485214116
                  p1  	---	  0.0000716485214116
                freq  	---	  0.0000716481038638
                  p3  	---	  0.0000716439895883
                  tp  	---	  0.0000716429552810
                 nts  	---	  0.0000716398848175
                  b2  	---	  0.0000716395276548
topic 37
              author  	---	  0.0064381951109072
              writer  	---	  0.0037295799443568
               essay  	---	  0.0025372703187038
              edited  	---	  0.0019325171835769
                book  	---	  0.0019144897242733
              essays  	---	  0.0018289527196715
              critic  	---	  0.0016374797023917
         illustrated  	---	  0.0016059291421299
              editor  	---	  0.0015942127250923
          hofstadter  	---	  0.0014664875605737
topic 38
            graceful  	---	  0.0000720736901480
             elegant  	---	  0.0000719529831953
         contrasting  	---	  0.0000719009602788
          singularly  	---	  0.0000718996269911
         reminiscent  	---	  0.0000718973639902
          gracefully  	---	  0.0000718911930441
              subtle  	---	  0.0000718871232589
           intricate  	---	  0.0000718868962732
          distinctly  	---	  0.0000718839079992
          expressive  	---	  0.0000718831432087
topic 39
             covered  	---	  0.0083005885705411
           surrounds  	---	  0.0015891093135790
              shaped  	---	  0.0015749449430544
              dotted  	---	  0.0014459862236657
               thick  	---	  0.0013648192971811
          surrounded  	---	  0.0013558591477286
                tiny  	---	  0.0013258979781071
           enclosing  	---	  0.0012483621108234
                thin  	---	  0.0011522331051538
                flat  	---	  0.0011257534039102
topic 40
                bers  	---	  0.0049040616920162
               eigen  	---	  0.0015280511093184
                 llt  	---	  0.0014907544982126
                haar  	---	  0.0013426684634309
                  hn  	---	  0.0012411936439080
              ansatz  	---	  0.0011172793215146
          informatik  	---	  0.0009395054850592
                 rij  	---	  0.0009328593138859
                  z0  	---	  0.0009219481144041
                  nn  	---	  0.0009180372487171
topic 41
           durations  	---	  0.0000717636429668
         repetitions  	---	  0.0000716766828274
           intervals  	---	  0.0000716687794804
              cycles  	---	  0.0000716596422490
          thresholds  	---	  0.0000716573824127
        milliseconds  	---	  0.0000716564044180
         intensities  	---	  0.0000716544738606
          deviations  	---	  0.0000716458678615
        oscillations  	---	  0.0000716424544265
          amplitudes  	---	  0.0000716423731853
topic 42
                 ont  	---	  0.0000717364116373
                jour  	---	  0.0000716866194134
                  du  	---	  0.0000716841982353
                 aux  	---	  0.0000716824865031
                 les  	---	  0.0000716793429153
                 des  	---	  0.0000716785642354
                 cit  	---	  0.0000716755981239
              commun  	---	  0.0000716747971270
                syst  	---	  0.0000716721459719
               ation  	---	  0.0000716718404035
topic 43
               feeds  	---	  0.0001702320501436
                feed  	---	  0.0001528406986233
             feeding  	---	  0.0001350145646951
                fish  	---	  0.0001262918676194
       invertebrates  	---	  0.0001262187535237
             insects  	---	  0.0001250902578395
                crab  	---	  0.0001240071220443
               ticks  	---	  0.0001231470025361
                prey  	---	  0.0001231437561272
              nectar  	---	  0.0001225964628427
topic 44
      inefficiencies  	---	  0.0000716433335152
        inefficiency  	---	  0.0000716081733837
         inefficient  	---	  0.0000715837959587
          minimising  	---	  0.0000715798794583
         bottlenecks  	---	  0.0000715776062584
        redundancies  	---	  0.0000715664914794
        constraining  	---	  0.0000715648269141
            minimise  	---	  0.0000715615310138
          reductions  	---	  0.0000715602128854
          minimizing  	---	  0.0000715598035019
topic 45
                coil  	---	  0.0000716855851079
            actuator  	---	  0.0000716205060396
                plug  	---	  0.0000716195165556
           resonator  	---	  0.0000716193327013
        electrically  	---	  0.0000716168030670
            cylinder  	---	  0.0000716074794908
          adjustable  	---	  0.0000716067269599
           actuators  	---	  0.0000716054841088
           amplifier  	---	  0.0000716029594426
         transformer  	---	  0.0000716029018237
topic 46
              blocks  	---	  0.0000718002655306
               block  	---	  0.0000716970103839
             corners  	---	  0.0000716851585587
              stacks  	---	  0.0000716740949864
                rows  	---	  0.0000716703289833
            enclosed  	---	  0.0000716687347015
            sections  	---	  0.0000716626299237
         rectangular  	---	  0.0000716626014536
             stacked  	---	  0.0000716603435603
        interlocking  	---	  0.0000716583628256
topic 47
         emphasizing  	---	  0.0061960387893602
          emphasizes  	---	  0.0035680955145640
           emphasize  	---	  0.0034973365710620
          emphasized  	---	  0.0033523789634486
            emphasis  	---	  0.0023128398332687
            embodied  	---	  0.0022285005514133
        complexities  	---	  0.0021014561632615
             aspects  	---	  0.0019996029573063
       demonstrating  	---	  0.0019587304210101
            inherent  	---	  0.0019504351713513
topic 48
          analytical  	---	  0.0064978974393754
        quantitative  	---	  0.0032797165293738
       computational  	---	  0.0030436427829768
         qualitative  	---	  0.0026494051989228
            analysis  	---	  0.0024926489068569
       methodologies  	---	  0.0024648158197609
           analyzing  	---	  0.0024481607078460
         theoretical  	---	  0.0024399498060387
             methods  	---	  0.0023067745257092
        mathematical  	---	  0.0022197266256224
topic 49
               smola  	---	  0.0000717082050691
                lars  	---	  0.0000716486130617
              anders  	---	  0.0000716474000574
                 jan  	---	  0.0000716441202049
              markus  	---	  0.0000716391867778
             gerhard  	---	  0.0000716388880969
              stefan  	---	  0.0000716387579285
                  rg  	---	  0.0000716361205882
                 sch  	---	  0.0000716323062460
                hans  	---	  0.0000716297742626
