topic 0
         partnership  	---	  0.0000491410410986
          consortium  	---	  0.0000491016601739
            partners  	---	  0.0000490998278662
             venture  	---	  0.0000490982884569
            ventures  	---	  0.0000490958533446
                firm  	---	  0.0000490952575895
          consulting  	---	  0.0000490928092422
         enterprises  	---	  0.0000490886427443
          investment  	---	  0.0000490870260644
            business  	---	  0.0000490868481206
topic 1
       differentiate  	---	  0.0000491235319653
         distinguish  	---	  0.0000491054356971
              differ  	---	  0.0000490912974646
   indistinguishable  	---	  0.0000490825334112
           originate  	---	  0.0000490817575211
          dissimilar  	---	  0.0000490811348839
              derive  	---	  0.0000490809015288
            classify  	---	  0.0000490801023073
               arise  	---	  0.0000490792431647
            identify  	---	  0.0000490776415235
topic 2
                eros  	---	  0.0000491393274170
             eternal  	---	  0.0000490990676151
                myth  	---	  0.0000490944779073
       reincarnation  	---	  0.0000490912948563
            mystical  	---	  0.0000490910519132
              magick  	---	  0.0000490902852478
           eternally  	---	  0.0000490898858670
                 ego  	---	  0.0000490896503454
               venus  	---	  0.0000490892799390
         immortality  	---	  0.0000490879702195
topic 3
             battles  	---	  0.0000491499448567
              battle  	---	  0.0000491252208493
            fighting  	---	  0.0000491224227336
              fought  	---	  0.0000491220345369
                wars  	---	  0.0000491170447318
              armies  	---	  0.0000491117481518
        battlefields  	---	  0.0000491066731536
              fierce  	---	  0.0000491048626056
               raids  	---	  0.0000491040869393
         battlefield  	---	  0.0000491006742845
topic 4
            clinical  	---	  0.0000491481007144
        epidemiology  	---	  0.0000491322237000
           pathology  	---	  0.0000491311457478
             therapy  	---	  0.0000491308392152
          diagnostic  	---	  0.0000491297382223
           therapies  	---	  0.0000491241533379
           diagnosis  	---	  0.0000491239026288
           diagnoses  	---	  0.0000491209599546
           pediatric  	---	  0.0000491199976321
            surgical  	---	  0.0000491190770150
topic 5
           employers  	---	  0.0000491363196099
        corporations  	---	  0.0000491134983585
           employees  	---	  0.0000491090936178
            employer  	---	  0.0000491056054470
            insurers  	---	  0.0000491055798987
               firms  	---	  0.0000491031541833
           taxpayers  	---	  0.0000491003168147
          employment  	---	  0.0000490985390292
           insurance  	---	  0.0000490981313700
           investors  	---	  0.0000490980636104
topic 6
             shields  	---	  0.0000491268413055
              blades  	---	  0.0000490793879354
                 bow  	---	  0.0000490770389778
              arrows  	---	  0.0000490752690301
                hood  	---	  0.0000490741315816
               bolts  	---	  0.0000490736219397
             hammers  	---	  0.0000490732101872
              shield  	---	  0.0000490722616283
              straps  	---	  0.0000490716537593
              cannon  	---	  0.0000490715642446
topic 7
              starts  	---	  0.0000491327667805
                ends  	---	  0.0000491095123400
              begins  	---	  0.0000491073767233
             resumes  	---	  0.0000491023999703
               turns  	---	  0.0000490996112002
              breaks  	---	  0.0000490917846120
             turning  	---	  0.0000490889970603
                runs  	---	  0.0000490878576986
               stays  	---	  0.0000490871005681
               moves  	---	  0.0000490857217265
topic 8
               rebel  	---	  0.0000491353347367
              rebels  	---	  0.0000491132909370
           guerillas  	---	  0.0000491038898081
            guerilla  	---	  0.0000491011699599
           guerrilla  	---	  0.0000490995548968
            militias  	---	  0.0000490994058186
           rebellion  	---	  0.0000490969924655
            invading  	---	  0.0000490943121727
         retaliation  	---	  0.0000490941275681
           overthrow  	---	  0.0000490938639696
topic 9
              ronald  	---	  0.0000491413513437
              gerald  	---	  0.0000491244440114
              dwight  	---	  0.0000491191983324
              quayle  	---	  0.0000491173185182
             kennedy  	---	  0.0000491168533208
               nixon  	---	  0.0000491167837060
             wendell  	---	  0.0000491153907568
              howard  	---	  0.0000491145623320
              donald  	---	  0.0000491137517604
              coburn  	---	  0.0000491133168186
topic 10
                 hou  	---	  0.0000491290919179
                 liu  	---	  0.0000491220700673
                zhao  	---	  0.0000491210978485
                meng  	---	  0.0000491201047268
                yang  	---	  0.0000491190352555
                chen  	---	  0.0000491188472362
                  wu  	---	  0.0000491177717342
               huang  	---	  0.0000491174112531
                  yi  	---	  0.0000491169995536
                wang  	---	  0.0000491169340060
topic 11
            regarded  	---	  0.0000491889966086
          considered  	---	  0.0000491639332451
          remembered  	---	  0.0000491452413586
           respected  	---	  0.0000491435397458
            arguably  	---	  0.0000491380204795
         appreciated  	---	  0.0000491335900184
              viewed  	---	  0.0000491313912705
               noted  	---	  0.0000491297255915
          recognised  	---	  0.0000491294109203
          noteworthy  	---	  0.0000491291403363
topic 12
              vented  	---	  0.0000491246647097
           insulated  	---	  0.0000491080698503
              heater  	---	  0.0000491048851757
             venting  	---	  0.0000491048756716
              cooled  	---	  0.0000491029836985
             exhaust  	---	  0.0000491027695135
                hose  	---	  0.0000491023242485
             suction  	---	  0.0000491021159129
            exhausts  	---	  0.0000491015502421
            radiator  	---	  0.0000491008831648
topic 13
            animator  	---	  0.0000491831863053
            scripter  	---	  0.0000491316247034
            producer  	---	  0.0000491296144164
           animation  	---	  0.0000491293020487
            designer  	---	  0.0000491278910728
            animated  	---	  0.0000491262521868
         illustrator  	---	  0.0000491242326420
              writer  	---	  0.0000491238839988
               lantz  	---	  0.0000491229387970
            simonson  	---	  0.0000491189874888
topic 14
               edges  	---	  0.0000491282125231
          rectangles  	---	  0.0000491117447030
             concave  	---	  0.0000491092375317
            diagonal  	---	  0.0000491070877692
              curved  	---	  0.0000491063122609
              convex  	---	  0.0000491052186529
           rectangle  	---	  0.0000491040809196
           triangles  	---	  0.0000491039696809
                rows  	---	  0.0000491036015461
          horizontal  	---	  0.0000491032140229
topic 15
             invokes  	---	  0.0000491236547705
          interprets  	---	  0.0000491046524400
            invoking  	---	  0.0000490949604441
        metaphorical  	---	  0.0000490885197231
           describes  	---	  0.0000490883304050
          omniscient  	---	  0.0000490877890512
              invoke  	---	  0.0000490863137594
           expresses  	---	  0.0000490857613498
            metaphor  	---	  0.0000490851718205
             relates  	---	  0.0000490845381922
topic 16
              faults  	---	  0.0000491184885855
               fault  	---	  0.0000490876481837
           intrusive  	---	  0.0000490873161729
                gaps  	---	  0.0000490854733665
          collisions  	---	  0.0000490755582977
                flow  	---	  0.0000490751629916
          underlying  	---	  0.0000490740192628
               arise  	---	  0.0000490726701710
             impacts  	---	  0.0000490719184839
           obstacles  	---	  0.0000490717410340
topic 17
             wishing  	---	  0.0000491374834053
              invite  	---	  0.0000491045556324
            continue  	---	  0.0000491044686574
             arrange  	---	  0.0000491021316178
              choose  	---	  0.0000491019617250
         opportunity  	---	  0.0000491016446767
            instruct  	---	  0.0000491007010634
                meet  	---	  0.0000490989654968
               bring  	---	  0.0000490986716339
             wanting  	---	  0.0000490982046292
topic 18
                woof  	---	  0.0059223494948339
              tickle  	---	  0.0016329009136977
             goddamn  	---	  0.0014395269113837
                lazy  	---	  0.0011255319759653
                 gee  	---	  0.0011214405854265
              mumble  	---	  0.0010660195045730
              spanky  	---	  0.0009908396854087
              dammit  	---	  0.0008953461974652
                jack  	---	  0.0008925384222523
             charlie  	---	  0.0008316676541752
topic 19
           operating  	---	  0.0000491307844124
           servicing  	---	  0.0000491038558667
             operate  	---	  0.0000490981670757
             standby  	---	  0.0000490954817088
          navigation  	---	  0.0000490940811851
           operators  	---	  0.0000490924732009
           terminals  	---	  0.0000490896708416
           upgrading  	---	  0.0000490894230932
         controllers  	---	  0.0000490888813559
              mobile  	---	  0.0000490887510709
