topic 0
           reduction  	---	  0.0000719435096396
           increases  	---	  0.0000718724477353
            reducing  	---	  0.0000718691669718
            decrease  	---	  0.0000718500926988
            increase  	---	  0.0000718493375389
             reduces  	---	  0.0000718473057243
              reduce  	---	  0.0000718408244399
          reductions  	---	  0.0000718375355594
          efficiency  	---	  0.0000718230080712
            residual  	---	  0.0000718161277305
topic 1
                cans  	---	  0.0000719956655318
                tins  	---	  0.0000719478914176
                bags  	---	  0.0000719339303886
                soda  	---	  0.0000718663886453
               puffs  	---	  0.0000718608249992
                glue  	---	  0.0000718582969000
                 bag  	---	  0.0000718550131268
             plastic  	---	  0.0000718518036140
                 pot  	---	  0.0000718382007928
          dishwasher  	---	  0.0000718349058573
topic 2
                 0.6  	---	  0.0000717375461226
                  06  	---	  0.0000717375461226
                  05  	---	  0.0000717141651987
                 0.5  	---	  0.0000717141651987
                 0.8  	---	  0.0000717132776337
                  08  	---	  0.0000717132776337
                 0.7  	---	  0.0000717118223660
                  07  	---	  0.0000717118223660
                  03  	---	  0.0000717068631935
                 0.3  	---	  0.0000717068631935
topic 3
                fast  	---	  0.0072705212796471
               quick  	---	  0.0016404346936553
                slow  	---	  0.0016252821687788
             quicker  	---	  0.0013858589392025
              faster  	---	  0.0012709333911923
              slower  	---	  0.0012163855574925
                pace  	---	  0.0011580112436119
                spin  	---	  0.0010545901255125
               loads  	---	  0.0010066153650187
                easy  	---	  0.0009710084468039
topic 4
             failure  	---	  0.0000720318143551
              sudden  	---	  0.0000718701531275
           prolonged  	---	  0.0000718650068316
       deterioration  	---	  0.0000718613995622
                 due  	---	  0.0000718612854649
            failures  	---	  0.0000718612561985
           breakdown  	---	  0.0000718541346093
              result  	---	  0.0000718527486819
          persistent  	---	  0.0000718511640565
           condition  	---	  0.0000718501276960
topic 5
             factors  	---	  0.0064470326269127
            outcomes  	---	  0.0024762524313716
       heterogeneity  	---	  0.0021115414774075
          mechanisms  	---	  0.0019143608526011
          predictors  	---	  0.0017388010032473
          correlated  	---	  0.0015936719056946
         variability  	---	  0.0015612007861027
          likelihood  	---	  0.0015598563558896
           potential  	---	  0.0015584034510604
             effects  	---	  0.0015346608086438
topic 6
         arrangement  	---	  0.0000717707634554
          instrument  	---	  0.0000716330619642
              tuning  	---	  0.0000716292893625
        arrangements  	---	  0.0000716235777822
             fitting  	---	  0.0000716215385611
         essentially  	---	  0.0000716129793823
               chord  	---	  0.0000716099440027
           signature  	---	  0.0000716074192492
             simpler  	---	  0.0000715967883362
               rigid  	---	  0.0000715949555922
topic 7
          abundances  	---	  0.0051723344375522
             spectra  	---	  0.0025810089767174
          anisotropy  	---	  0.0024434251234587
       perturbations  	---	  0.0023026347158374
          scattering  	---	  0.0022350008124355
            spectral  	---	  0.0021924083923306
          dispersion  	---	  0.0021123657525311
         excitations  	---	  0.0020469899732846
             photons  	---	  0.0020332310443597
         macroscopic  	---	  0.0020253888881356
topic 8
                10-4  	---	  0.0000719379899824
                 104  	---	  0.0000719379899824
                10-3  	---	  0.0000719154781433
                 103  	---	  0.0000719154781433
                 118  	---	  0.0000719151958745
                 116  	---	  0.0000719140203369
                 107  	---	  0.0000719132855301
                10.7  	---	  0.0000719132855301
                 102  	---	  0.0000719131592867
                1.02  	---	  0.0000719131592867
topic 9
          australian  	---	  0.0105147952444820
            canadian  	---	  0.0027816857164581
             british  	---	  0.0025942447585616
                 nsw  	---	  0.0018021540079732
           australia  	---	  0.0017136247615156
            canberra  	---	  0.0015144993039095
          queensland  	---	  0.0013461297956319
                  nz  	---	  0.0013197321255206
              canada  	---	  0.0009939477003582
              sydney  	---	  0.0009517358895836
topic 10
                  xa  	---	  0.0043457142292203
                  xe  	---	  0.0016083004496196
                  r2  	---	  0.0014554622828155
                 r-1  	---	  0.0012823075186843
                  r1  	---	  0.0012823075186843
                  v0  	---	  0.0012706153600199
                  y2  	---	  0.0011763942456211
                  0x  	---	  0.0011317907304134
                  2z  	---	  0.0011296859463057
                  e2  	---	  0.0011033221189463
topic 11
       manifestation  	---	  0.0000720006399406
          manifested  	---	  0.0000718999396437
            manifest  	---	  0.0000718879598569
             essence  	---	  0.0000718753386690
            illusory  	---	  0.0000718662235447
       consciousness  	---	  0.0000718528969362
            embodies  	---	  0.0000718245614201
              innate  	---	  0.0000718231874554
              aspect  	---	  0.0000718179150194
              belief  	---	  0.0000718178675735
topic 12
                jude  	---	  0.0000719046658103
               grace  	---	  0.0000717837231336
                mary  	---	  0.0000717768999114
             matthew  	---	  0.0000717382070395
                paul  	---	  0.0000717366614484
             patrick  	---	  0.0000717328286343
            shepherd  	---	  0.0000717324415075
               giles  	---	  0.0000717323431699
              connor  	---	  0.0000717316548771
               peter  	---	  0.0000717290599748
topic 13
                 667  	---	  0.0014811373321601
                 659  	---	  0.0011443380433273
                 615  	---	  0.0011248841182913
                 652  	---	  0.0011212536197317
                 416  	---	  0.0011167607573804
                 595  	---	  0.0011152634607026
                 544  	---	  0.0011011906409298
                 684  	---	  0.0010906433141475
                 662  	---	  0.0010778524351343
                 708  	---	  0.0010776348216091
topic 14
             bumping  	---	  0.0047128873880305
             pulling  	---	  0.0020127422934515
                bump  	---	  0.0016561700501051
                pull  	---	  0.0015323297379061
               flips  	---	  0.0015236689977998
               jumps  	---	  0.0014459052203081
             latched  	---	  0.0013792284257153
            restarts  	---	  0.0013789442697743
               latch  	---	  0.0012733506720719
            speeding  	---	  0.0011506160684454
topic 15
              pursue  	---	  0.0084406183577014
            pursuing  	---	  0.0028124540847127
         opportunity  	---	  0.0019661862762003
            continue  	---	  0.0015836789511605
             pursued  	---	  0.0014262290291902
               teach  	---	  0.0013694864939182
         concentrate  	---	  0.0013116047779174
             develop  	---	  0.0012931483338701
       encouragement  	---	  0.0012883960679827
                seek  	---	  0.0012308407898950
topic 16
           decompose  	---	  0.0044384708926555
          decomposes  	---	  0.0023031368282572
       decomposition  	---	  0.0020984229642887
          metastable  	---	  0.0019988391595871
              decays  	---	  0.0019700855593330
           particles  	---	  0.0019290879866713
        condensation  	---	  0.0019096221432444
            crystals  	---	  0.0017884293256181
       ferromagnetic  	---	  0.0017689779456488
         decomposing  	---	  0.0017502419482323
topic 17
                 ini  	---	  0.0046404729026178
                  iy  	---	  0.0012708496293792
                 ele  	---	  0.0012507342664045
                 ime  	---	  0.0012045145280203
                  od  	---	  0.0011628676756884
                  ta  	---	  0.0011138265565161
                  bh  	---	  0.0010801151730499
                  zk  	---	  0.0010661057118263
                  ja  	---	  0.0010392420003357
                  bi  	---	  0.0010157408129936
topic 18
                 839  	---	  0.0000719890773244
                 796  	---	  0.0000719514961853
                 871  	---	  0.0000719511106343
                 877  	---	  0.0000719506580687
                 872  	---	  0.0000719499318596
                 849  	---	  0.0000719489195181
                 627  	---	  0.0000719487215918
                 788  	---	  0.0000719475727244
                 862  	---	  0.0000719467283425
                 842  	---	  0.0000719463149319
topic 19
               3,000  	---	  0.0068834058793466
                3000  	---	  0.0068834058793466
                5000  	---	  0.0045638169979670
               5,000  	---	  0.0045638169979670
                40.0  	---	  0.0039744927751871
                 400  	---	  0.0039744927751871
                4.00  	---	  0.0039744927751871
                1500  	---	  0.0034037959317585
               1.000  	---	  0.0034021609064716
               100.0  	---	  0.0034021609064716
topic 20
                 419  	---	  0.0015545901135602
                 342  	---	  0.0012700039681874
                 437  	---	  0.0012644147784735
                 357  	---	  0.0012601567070770
                 438  	---	  0.0012585133520393
                 469  	---	  0.0012242744071402
                 297  	---	  0.0012232382958188
                 269  	---	  0.0012223358387275
                 353  	---	  0.0012178893472389
                 487  	---	  0.0012124403755304
topic 21
                cats  	---	  0.0061775655737895
             monkeys  	---	  0.0030520189073299
                rats  	---	  0.0030509677352632
                wild  	---	  0.0026281785219684
                bees  	---	  0.0024704708274269
             animals  	---	  0.0023919863591610
                fowl  	---	  0.0019128591532930
               birds  	---	  0.0018586635006308
              snakes  	---	  0.0017660129118649
               ticks  	---	  0.0016896642146842
topic 22
            kamimura  	---	  0.0000718758354418
           yamashita  	---	  0.0000717417169975
               onoda  	---	  0.0000717307007570
              tanaka  	---	  0.0000717293995680
             konishi  	---	  0.0000717193021143
               ogawa  	---	  0.0000717060996707
             shibata  	---	  0.0000716878944500
              mitsuo  	---	  0.0000716869469611
                hori  	---	  0.0000716778734209
               saito  	---	  0.0000716769367509
topic 23
       synchronously  	---	  0.0000717615626752
         synchronous  	---	  0.0000716824932349
      asynchronously  	---	  0.0000716811145843
      unidirectional  	---	  0.0000716708890471
        capacitances  	---	  0.0000716636628078
           modulated  	---	  0.0000716557505078
            bistable  	---	  0.0000716555605455
              stably  	---	  0.0000716552512946
           optimally  	---	  0.0000716545536694
           latencies  	---	  0.0000716538521514
topic 24
                 gap  	---	  0.0069596137611007
                path  	---	  0.0019186410925388
            parallel  	---	  0.0018785551910560
            crossing  	---	  0.0016264782443240
              curves  	---	  0.0015211688028751
             halfway  	---	  0.0014290499897360
             turning  	---	  0.0013954358404105
             stretch  	---	  0.0013871662033958
              uphill  	---	  0.0013377517452990
                fork  	---	  0.0012928901750753
topic 25
                 n-1  	---	  0.0000719892263278
                  n1  	---	  0.0000719892263278
                  a7  	---	  0.0000718740468501
                  n3  	---	  0.0000718732075082
                  n4  	---	  0.0000718722602189
                  a3  	---	  0.0000718677134705
                  m5  	---	  0.0000718622448070
                  a5  	---	  0.0000718577391700
                  a4  	---	  0.0000718486209014
                  n6  	---	  0.0000718357675011
topic 26
                 icc  	---	  0.0000717775325451
                 cup  	---	  0.0000716865178713
                 ifa  	---	  0.0000716536482473
             cricket  	---	  0.0000716469121487
         competition  	---	  0.0000716355459155
                semi  	---	  0.0000716282254473
               match  	---	  0.0000716263253228
             nations  	---	  0.0000716245941566
                 mcc  	---	  0.0000716220657537
             matches  	---	  0.0000716207753058
topic 27
        hillclimbing  	---	  0.0000720584279139
       hill-climbing  	---	  0.0000720584279139
                  f1  	---	  0.0000719370761512
                  gt  	---	  0.0000718848647846
                  tt  	---	  0.0000718831432534
                 t-t  	---	  0.0000718831432534
                 irl  	---	  0.0000718737520196
                 car  	---	  0.0000718369336733
                  vw  	---	  0.0000718295882646
                  f3  	---	  0.0000718253494522
topic 28
           buildings  	---	  0.0000719910654405
            building  	---	  0.0000718962359161
         constructed  	---	  0.0000718196201744
           landmarks  	---	  0.0000718169002737
          structures  	---	  0.0000718079941199
           additions  	---	  0.0000718069015318
               rooms  	---	  0.0000718044297266
               walls  	---	  0.0000717962425363
               tower  	---	  0.0000717941584028
                lots  	---	  0.0000717937412617
topic 29
               fault  	---	  0.0000719727224202
              faults  	---	  0.0000718322406441
             barrier  	---	  0.0000717749063738
                path  	---	  0.0000717522751933
                flow  	---	  0.0000717485137285
               drain  	---	  0.0000717396859999
           intrusion  	---	  0.0000717374340187
              trough  	---	  0.0000717365728502
             outflow  	---	  0.0000717306854021
          bottleneck  	---	  0.0000717297951878
