topic 0
           incentive  	---	  0.0066911935128303
             benefit  	---	  0.0019434894705890
            benefits  	---	  0.0019206664518850
            allocate  	---	  0.0018615984539409
              insure  	---	  0.0017260542841163
            leverage  	---	  0.0016637709995114
           guarantee  	---	  0.0015639219540450
        compensating  	---	  0.0014721694208224
                 pay  	---	  0.0014698702265685
              invest  	---	  0.0014677099880680
topic 1
        accumulation  	---	  0.0037091620550721
            residual  	---	  0.0018885180682050
           depletion  	---	  0.0018582531609773
          absorption  	---	  0.0016205903573661
           shrinkage  	---	  0.0015856546226716
         accumulates  	---	  0.0014595881250004
           decreases  	---	  0.0014498702817741
           exogenous  	---	  0.0013252874257232
         concomitant  	---	  0.0012853258567851
         degradation  	---	  0.0012543539631907
topic 2
            deleting  	---	  0.0000717393594216
              delete  	---	  0.0000716673656166
          predefined  	---	  0.0000716649377526
         pre-defined  	---	  0.0000716649377526
             keyword  	---	  0.0000716561895465
               typed  	---	  0.0000716548812183
             decoded  	---	  0.0000716548241953
               coded  	---	  0.0000716533454753
              parses  	---	  0.0000716502866491
              decode  	---	  0.0000716490563328
topic 3
              barnes  	---	  0.0026268486209319
            robinson  	---	  0.0017896431677024
               smith  	---	  0.0017655191282944
               baker  	---	  0.0017585735810400
              gordon  	---	  0.0017497932401475
              graham  	---	  0.0017439847493322
             barrett  	---	  0.0017413082379186
               moore  	---	  0.0017316106231239
               barry  	---	  0.0017284272682761
           robertson  	---	  0.0017229424631042
topic 4
               abcde  	---	  0.0033446359136154
               tuple  	---	  0.0013359926433557
               unary  	---	  0.0013229064438145
           monotonic  	---	  0.0013074391635084
                 eqs  	---	  0.0012799442491524
         conjunctive  	---	  0.0012686426770781
            iterates  	---	  0.0011791196835538
           asymptote  	---	  0.0011621423401587
        decomposable  	---	  0.0011367408809198
         disjunction  	---	  0.0011356604932563
topic 5
             analogs  	---	  0.0037001137380202
          endogenous  	---	  0.0019473690882783
            proteins  	---	  0.0018461827474575
             ligands  	---	  0.0018323416491969
       recombination  	---	  0.0017674342097771
           exogenous  	---	  0.0016885191261220
         synergistic  	---	  0.0016868463733653
         biochemical  	---	  0.0016831338641179
           molecules  	---	  0.0016338831970436
              ligand  	---	  0.0016107884322729
topic 6
        hillclimbing  	---	  0.0000719782215633
       hill-climbing  	---	  0.0000719782215633
                  f1  	---	  0.0000718707004531
                  gt  	---	  0.0000718244343607
                  tt  	---	  0.0000718229129532
                 t-t  	---	  0.0000718229129532
                 irl  	---	  0.0000718145859308
                 car  	---	  0.0000717819553634
                  vw  	---	  0.0000717754479330
                  f3  	---	  0.0000717716923009
topic 7
                plot  	---	  0.0060412864603978
               story  	---	  0.0019042367580430
           character  	---	  0.0015845405645848
             premise  	---	  0.0014846472965863
               plots  	---	  0.0013658058741876
    characterization  	---	  0.0012765626075968
          characters  	---	  0.0012261682857520
            scenario  	---	  0.0011263432502749
             dilemma  	---	  0.0010380369485775
              serial  	---	  0.0009089924447182
topic 8
         termination  	---	  0.0000718415235829
             pending  	---	  0.0000717116847509
              clause  	---	  0.0000716833563770
         restriction  	---	  0.0000716759816747
          guarantees  	---	  0.0000716717523600
           cessation  	---	  0.0000716654609753
           terminate  	---	  0.0000716643394899
             partial  	---	  0.0000716630214145
        compensation  	---	  0.0000716591079802
           violation  	---	  0.0000716573019181
topic 9
    parameterization  	---	  0.0020930207367837
     parametrization  	---	  0.0014771752984827
           parameter  	---	  0.0014650731213646
       parameterized  	---	  0.0014489179799497
       linearization  	---	  0.0013980095189039
          linearized  	---	  0.0013805991269708
          univariate  	---	  0.0013802711862448
          parametric  	---	  0.0013623009800704
           piecewise  	---	  0.0013524721327250
         convolution  	---	  0.0013423422141950
topic 10
              joshua  	---	  0.0000721868626213
                 ben  	---	  0.0000720964910321
                saul  	---	  0.0000720945344119
               isaac  	---	  0.0000720888036007
            jonathan  	---	  0.0000720645054657
              daniel  	---	  0.0000720593765896
             matthew  	---	  0.0000720546313400
                adam  	---	  0.0000720387472385
              wesley  	---	  0.0000720339948579
             timothy  	---	  0.0000720316980213
topic 11
           pronounce  	---	  0.0046263005722633
               words  	---	  0.0013345771150648
       ungrammatical  	---	  0.0012140374604299
               speak  	---	  0.0012128661294401
       pronunciation  	---	  0.0011736270227360
        disambiguate  	---	  0.0011144333725535
             phrases  	---	  0.0011121510377780
                word  	---	  0.0010884580115038
        semantically  	---	  0.0010661934289685
          adjectives  	---	  0.0010082728810006
topic 12
           moghaddam  	---	  0.0000719367073883
                amer  	---	  0.0000718055946271
                saad  	---	  0.0000717990094030
               basri  	---	  0.0000717968675025
               yaser  	---	  0.0000717962500934
               sayed  	---	  0.0000717897708132
                 bin  	---	  0.0000717893278624
             mansour  	---	  0.0000717838870141
              rashid  	---	  0.0000717814367248
             makhoul  	---	  0.0000717795955516
topic 13
               clark  	---	  0.0031610693071739
            marshall  	---	  0.0021907694230355
               adams  	---	  0.0021737020250542
               allen  	---	  0.0020600427867227
            mitchell  	---	  0.0020441774450590
               baker  	---	  0.0020428662340385
               lewis  	---	  0.0020075488946734
             stevens  	---	  0.0020027999140894
             bradley  	---	  0.0019777283878703
             jackson  	---	  0.0019426789999303
topic 14
             grating  	---	  0.0037917734175261
            resonant  	---	  0.0014446734938980
           optically  	---	  0.0014313542562727
             pinhole  	---	  0.0014070103281406
         oscillating  	---	  0.0014059495064754
             elastic  	---	  0.0013727503023609
            gratings  	---	  0.0013668705821093
           resistive  	---	  0.0013537920644925
              filter  	---	  0.0013104479069190
            surfaces  	---	  0.0012541894421720
topic 15
               brute  	---	  0.0045532279653903
           adversary  	---	  0.0011681982639060
           repulsive  	---	  0.0009382641890313
            captures  	---	  0.0009229648024423
           seemingly  	---	  0.0008073319056302
                blob  	---	  0.0007851835582422
                mech  	---	  0.0007546485769294
           incapable  	---	  0.0007423985312498
            morphing  	---	  0.0007272893409687
          randomness  	---	  0.0007157068299269
topic 16
             recency  	---	  0.0035724940666593
              causal  	---	  0.0014144593030138
         correlation  	---	  0.0013280709390237
         regressions  	---	  0.0013272260263719
          quantifies  	---	  0.0013110252926111
       correlational  	---	  0.0012881661960799
       uninformative  	---	  0.0012838988348387
    interpretability  	---	  0.0012797570595989
            sparsity  	---	  0.0012731032529682
          regression  	---	  0.0012253285017821
topic 17
            appendix  	---	  0.0057005335464005
            handbook  	---	  0.0011983441456287
             article  	---	  0.0010731227970775
           annotated  	---	  0.0010242988797674
                acta  	---	  0.0008893326280903
            revision  	---	  0.0008549765593478
          incomplete  	---	  0.0008331991065840
           paragraph  	---	  0.0008145930981738
             physica  	---	  0.0007866818702380
                book  	---	  0.0007590555216795
topic 18
                 k-1  	---	  0.0000719942362369
                  k1  	---	  0.0000719942362369
                 r-1  	---	  0.0000718485595325
                  r1  	---	  0.0000718485595325
                  k2  	---	  0.0000718401291185
                  k3  	---	  0.0000718201533374
                  1c  	---	  0.0000718150926517
                  t1  	---	  0.0000718149163906
                 t-1  	---	  0.0000718149163906
                  b2  	---	  0.0000718121187698
topic 19
                 537  	---	  0.0013532452877718
                 516  	---	  0.0011537674262979
                 416  	---	  0.0011414253588888
                 378  	---	  0.0011310165906423
                 372  	---	  0.0011265320642338
                 408  	---	  0.0011263260358931
                 579  	---	  0.0011246447562925
                 424  	---	  0.0011227443796712
                 526  	---	  0.0011123693273289
                 541  	---	  0.0011085741584149
