topic 0
          effeminate  	---	  0.0000491220738711
             pompous  	---	  0.0000490989244187
       condescending  	---	  0.0000490978264132
            arrogant  	---	  0.0000490977671852
          stereotype  	---	  0.0000490931981975
             cynical  	---	  0.0000490925533691
              polite  	---	  0.0000490921411655
            sadistic  	---	  0.0000490905442651
           obnoxious  	---	  0.0000490903293054
         promiscuous  	---	  0.0000490902196869
topic 1
         consumables  	---	  0.0000491215335954
          appliances  	---	  0.0000491019392356
            products  	---	  0.0000490929068328
            cleaners  	---	  0.0000490908346696
           equipment  	---	  0.0000490901474474
           materials  	---	  0.0000490856824169
         manufacture  	---	  0.0000490846773654
          disposable  	---	  0.0000490846744597
            plumbing  	---	  0.0000490831300956
             storage  	---	  0.0000490825371151
topic 2
             pogroms  	---	  0.0000491316744950
              pogrom  	---	  0.0000491192388288
           massacres  	---	  0.0000491147887231
       extermination  	---	  0.0000491052371370
         persecution  	---	  0.0000491042876248
          atrocities  	---	  0.0000491029737240
                jews  	---	  0.0000491029359881
               nazis  	---	  0.0000491028654085
          bolsheviks  	---	  0.0000490988900154
        persecutions  	---	  0.0000490971693931
topic 3
            graphing  	---	  0.0000491199910131
             labview  	---	  0.0000491056810096
    microcontrollers  	---	  0.0000491028500022
           windowing  	---	  0.0000491015754118
      multithreading  	---	  0.0000491008809922
               win32  	---	  0.0000491003718241
         spreadsheet  	---	  0.0000491001647288
               macro  	---	  0.0000490998835114
          interfaces  	---	  0.0000490998189915
        configurable  	---	  0.0000490994242386
topic 4
             changed  	---	  0.0000491383198655
            retained  	---	  0.0000490910808087
            renaming  	---	  0.0000490908262734
             adopted  	---	  0.0000490901729325
              ceased  	---	  0.0000490839706251
           shortened  	---	  0.0000490831679433
            adopting  	---	  0.0000490810388763
             shifted  	---	  0.0000490806050768
            switched  	---	  0.0000490797389552
              revert  	---	  0.0000490791120075
topic 5
       accomplishing  	---	  0.0000491163599334
          accomplish  	---	  0.0000490813107905
            assuring  	---	  0.0000490750000058
          fulfilling  	---	  0.0000490749803318
         sacrificing  	---	  0.0000490712104176
            overcome  	---	  0.0000490708426253
          motivation  	---	  0.0000490705522439
            striving  	---	  0.0000490699422939
           foresight  	---	  0.0000490684199324
              utmost  	---	  0.0000490675723735
topic 6
                pays  	---	  0.0000491279759090
              borrow  	---	  0.0000490733472907
                 pay  	---	  0.0000490728067297
                rent  	---	  0.0000490727405079
                paid  	---	  0.0000490707720118
              paying  	---	  0.0000490699493724
               passe  	---	  0.0000490679523830
                buys  	---	  0.0000490635791647
                hire  	---	  0.0000490631208343
               money  	---	  0.0000490629444902
topic 7
       customization  	---	  0.0000491245291069
        customizable  	---	  0.0000491142891181
       functionality  	---	  0.0000491036316624
        enhancements  	---	  0.0000491023307154
           customize  	---	  0.0000491015567076
            hardware  	---	  0.0000491010081490
             porting  	---	  0.0000491004697162
           emulation  	---	  0.0000491000531608
         configuring  	---	  0.0000490999943855
        configurable  	---	  0.0000490997259260
topic 8
                 nyx  	---	  0.0000491221422219
               hades  	---	  0.0000491036411857
                hera  	---	  0.0000490964505584
                zeus  	---	  0.0000490962448809
              osiris  	---	  0.0000490951031133
               demon  	---	  0.0000490940546837
                loki  	---	  0.0000490923204849
            immortal  	---	  0.0000490905737848
             lucifer  	---	  0.0000490905678232
              athena  	---	  0.0000490900113669
topic 9
                  ir  	---	  0.0000491232479330
                  em  	---	  0.0000490923540111
                  lf  	---	  0.0000490910489868
                 nos  	---	  0.0000490867461136
                  lk  	---	  0.0000490844132305
                  oq  	---	  0.0000490843379737
                  rq  	---	  0.0000490839070118
                  ur  	---	  0.0000490827885269
                  lm  	---	  0.0000490826016081
                 ast  	---	  0.0000490823261166
topic 10
                1890  	---	  0.0000491401155523
                1876  	---	  0.0000491333925751
                1897  	---	  0.0000491333232985
                1881  	---	  0.0000491331453337
                1869  	---	  0.0000491302657718
                1913  	---	  0.0000491295477441
                1900  	---	  0.0000491260665863
                1925  	---	  0.0000491240266084
                1843  	---	  0.0000491231419621
                1923  	---	  0.0000491222402550
topic 11
            blasting  	---	  0.0000491445350429
           exploding  	---	  0.0000491181914035
             blowing  	---	  0.0000491155575985
               blast  	---	  0.0000491146641961
          smoldering  	---	  0.0000491109860538
             sprayed  	---	  0.0000491096896754
            bursting  	---	  0.0000491090222348
             blasted  	---	  0.0000491073199167
             explode  	---	  0.0000491068752260
              debris  	---	  0.0000491068723307
topic 12
                  kc  	---	  0.0000491269812196
                  jp  	---	  0.0000490836762064
                  mc  	---	  0.0000490815323064
                  dl  	---	  0.0000490811153612
                  cb  	---	  0.0000490785352123
              mackie  	---	  0.0000490781790354
                 reg  	---	  0.0000490747937811
                 gee  	---	  0.0000490747072765
                noel  	---	  0.0000490740751143
              dineen  	---	  0.0000490725241605
topic 13
             ukraine  	---	  0.0000491839570518
              latvia  	---	  0.0000491663331958
            bulgaria  	---	  0.0000491645897722
              russia  	---	  0.0000491632928612
              serbia  	---	  0.0000491574491285
            slovenia  	---	  0.0000491542570363
             croatia  	---	  0.0000491536332723
           macedonia  	---	  0.0000491511880089
              poland  	---	  0.0000491503831479
                 ssr  	---	  0.0000491483601026
topic 14
            remailer  	---	  0.0000491176950047
            username  	---	  0.0000490930537415
              readme  	---	  0.0000490915961277
           encrypted  	---	  0.0000490899621751
          descriptor  	---	  0.0000490885338312
           remailers  	---	  0.0000490885049282
          encrypting  	---	  0.0000490881729213
               email  	---	  0.0000490880203467
              e-mail  	---	  0.0000490880203467
             freenet  	---	  0.0000490879987013
topic 15
                 elf  	---	  0.0000491185262758
              goblin  	---	  0.0000490962654313
              dragon  	---	  0.0000490916621919
             monster  	---	  0.0000490908697716
               robot  	---	  0.0000490893485652
           hobgoblin  	---	  0.0000490881990098
               clone  	---	  0.0000490870398027
               demon  	---	  0.0000490863802905
           wolverine  	---	  0.0000490852295211
          sabretooth  	---	  0.0000490843939493
topic 16
                 shy  	---	  0.0000491271113342
            annoying  	---	  0.0000490900112789
               feels  	---	  0.0000490890889684
         emotionally  	---	  0.0000490886566161
          incredibly  	---	  0.0000490862792943
              pretty  	---	  0.0000490860580819
              liking  	---	  0.0000490858255936
                cute  	---	  0.0000490846494466
            dislikes  	---	  0.0000490844795427
           strangely  	---	  0.0000490843172583
topic 17
              buried  	---	  0.0000491348849765
            cemetery  	---	  0.0000491120074262
               grave  	---	  0.0000490956717409
              burial  	---	  0.0000490885567439
             burying  	---	  0.0000490866987695
                died  	---	  0.0000490846257848
              hanged  	---	  0.0000490836481991
              chapel  	---	  0.0000490790016922
            baptised  	---	  0.0000490783648414
                tomb  	---	  0.0000490758281264
topic 18
            diseases  	---	  0.0000491408041490
          infections  	---	  0.0000491278943209
             disease  	---	  0.0000491260574355
          infectious  	---	  0.0000491251123279
             malaria  	---	  0.0000491228703490
           infection  	---	  0.0000491187443945
           allergies  	---	  0.0000491170398588
           disorders  	---	  0.0000491168612452
           illnesses  	---	  0.0000491164225761
               crohn  	---	  0.0000491162608883
topic 19
           mittleman  	---	  0.0000491249894256
            bressler  	---	  0.0000490929529900
          lowenstein  	---	  0.0000490883545960
             merrill  	---	  0.0000490881532583
              sarver  	---	  0.0000490865541841
             leavitt  	---	  0.0000490857928545
          soderstrom  	---	  0.0000490855738458
             wamsley  	---	  0.0000490834858750
            margolis  	---	  0.0000490833132948
               suter  	---	  0.0000490832297227
topic 20
             seventh  	---	  0.0000491375910029
               ninth  	---	  0.0000491310859123
               tenth  	---	  0.0000491306058694
              eighth  	---	  0.0000491293603117
              fourth  	---	  0.0000491288856696
               sixth  	---	  0.0000491263573670
                10th  	---	  0.0000491004004527
           fifteenth  	---	  0.0000490959972679
                11th  	---	  0.0000490920905315
               round  	---	  0.0000490919520407
topic 21
              flyers  	---	  0.0000491287649880
          blackhawks  	---	  0.0000491178748103
              bruins  	---	  0.0000491177223049
             canucks  	---	  0.0000491175921911
              oilers  	---	  0.0000491155764270
                 nhl  	---	  0.0000491134015565
              sabres  	---	  0.0000491128363770
                cubs  	---	  0.0000491117059027
            phillies  	---	  0.0000491108196439
           canadiens  	---	  0.0000491102854352
topic 22
             serpent  	---	  0.0000491299448637
             goddess  	---	  0.0000491053306975
               hades  	---	  0.0000491033924022
              winged  	---	  0.0000491009816730
              athena  	---	  0.0000491009250849
                zeus  	---	  0.0000491007717100
            mythical  	---	  0.0000490999286852
             mithras  	---	  0.0000490992903639
              charon  	---	  0.0000490987231575
              osiris  	---	  0.0000490972951607
topic 23
               bezel  	---	  0.0000491237556276
           faceplate  	---	  0.0000491130203412
             backlit  	---	  0.0000491024518306
           removable  	---	  0.0000491017838524
            backrest  	---	  0.0000490975133844
              chrome  	---	  0.0000490974980005
          adjustable  	---	  0.0000490969441797
        horizontally  	---	  0.0000490969165758
              lenses  	---	  0.0000490961099048
            windowed  	---	  0.0000490958008981
topic 24
              denali  	---	  0.0000491299273660
               trail  	---	  0.0000490936026227
              canyon  	---	  0.0000490916995844
          wilderness  	---	  0.0000490913207487
            mountain  	---	  0.0000490852122036
              trails  	---	  0.0000490818466876
                lake  	---	  0.0000490815447075
          adirondack  	---	  0.0000490795182862
               kenai  	---	  0.0000490795025614
         backcountry  	---	  0.0000490786452287
topic 25
              script  	---	  0.0000491597746436
             scripts  	---	  0.0000491296498890
             written  	---	  0.0000491078116058
             rewrite  	---	  0.0000491053981140
           rewritten  	---	  0.0000491028842375
             writing  	---	  0.0000490992102058
               write  	---	  0.0000490945536145
               story  	---	  0.0000490935114908
          adaptation  	---	  0.0000490891736125
                text  	---	  0.0000490879472091
topic 26
           breakfast  	---	  0.0000491449934300
             nightly  	---	  0.0000491148273292
            saturday  	---	  0.0000491106649591
             evening  	---	  0.0000491089091195
            evenings  	---	  0.0000491082543501
             morning  	---	  0.0000491080004821
                 6pm  	---	  0.0000491075789598
             weekend  	---	  0.0000491060049048
           afternoon  	---	  0.0000491041718612
            weekends  	---	  0.0000491023191549
topic 27
               yield  	---	  0.0000491229717733
              yields  	---	  0.0000490975008196
            quantity  	---	  0.0000490918020965
            residual  	---	  0.0000490909598319
           increases  	---	  0.0000490877682058
             exceeds  	---	  0.0000490865624776
         equilibrium  	---	  0.0000490853203434
                 co2  	---	  0.0000490843022802
           viscosity  	---	  0.0000490838464072
              dilute  	---	  0.0000490836876909
topic 28
                 w45  	---	  0.0000491350547093
                 m45  	---	  0.0000491158902926
                 t44  	---	  0.0000491031427595
               5,000  	---	  0.0000491024814215
               50.00  	---	  0.0000491024814215
                5000  	---	  0.0000491024814215
               3,000  	---	  0.0000490917659713
               30.00  	---	  0.0000490917659713
                3000  	---	  0.0000490917659713
                4.00  	---	  0.0000490906095523
topic 29
             handing  	---	  0.0000491420706187
              handed  	---	  0.0000491059081895
             putting  	---	  0.0000491022994467
                 put  	---	  0.0000490994463760
             forcing  	---	  0.0000490991321633
             grabbed  	---	  0.0000490989819502
              taking  	---	  0.0000490981954306
             sending  	---	  0.0000490923343436
            refusing  	---	  0.0000490899115960
             secured  	---	  0.0000490896433730
topic 30
               loses  	---	  0.0000491190603093
            succeeds  	---	  0.0000490980912148
             returns  	---	  0.0000490939969945
                sees  	---	  0.0000490898264677
               fails  	---	  0.0000490889457483
              pushes  	---	  0.0000490886864183
               moves  	---	  0.0000490885574358
           threatens  	---	  0.0000490871043829
                puts  	---	  0.0000490867084029
              misses  	---	  0.0000490866727174
topic 31
                  mb  	---	  0.0000491334172755
                  kb  	---	  0.0000491165116373
               68030  	---	  0.0000491124804266
                 4mb  	---	  0.0000491120139335
                 16k  	---	  0.0000491112786027
                 2mb  	---	  0.0000491100949992
                 8mb  	---	  0.0000491100256359
                 64k  	---	  0.0000491098911604
                256k  	---	  0.0000491094352777
                vram  	---	  0.0000491088138117
topic 32
          overweight  	---	  0.0000491226610632
              senile  	---	  0.0000490849117421
          effeminate  	---	  0.0000490838781249
         emotionally  	---	  0.0000490832588021
          delusional  	---	  0.0000490828834203
              smoker  	---	  0.0000490825593461
           obsessive  	---	  0.0000490821927100
          irritating  	---	  0.0000490813521949
          unpleasant  	---	  0.0000490803800134
              clumsy  	---	  0.0000490794344009
topic 33
        intermediate  	---	  0.0000491340253605
           secondary  	---	  0.0000490840249032
                  1a  	---	  0.0000490837504840
                  2a  	---	  0.0000490777845693
              graded  	---	  0.0000490776956183
              levels  	---	  0.0000490759292267
           selective  	---	  0.0000490757542992
               class  	---	  0.0000490754939581
              feeder  	---	  0.0000490738994907
                 hts  	---	  0.0000490734211443
topic 34
             minimum  	---	  0.0000491366863069
           allowable  	---	  0.0000491148412615
               limit  	---	  0.0000491122257698
             maximum  	---	  0.0000491102454127
              exceed  	---	  0.0000491061721462
           exceeding  	---	  0.0000491037029473
             exceeds  	---	  0.0000491031889421
               quota  	---	  0.0000490942456103
                wage  	---	  0.0000490929737820
         requirement  	---	  0.0000490927175561
topic 35
                 mek  	---	  0.0000491402448285
                 nkh  	---	  0.0000491134872680
                  lk  	---	  0.0000491050541823
                  dy  	---	  0.0000491030756538
               mutlu  	---	  0.0000491024835462
                  ak  	---	  0.0000491019320253
              serdar  	---	  0.0000491014117018
                  ja  	---	  0.0000490996448601
                  ru  	---	  0.0000490987011556
                  ki  	---	  0.0000490986889952
topic 36
              revoke  	---	  0.0000491225971276
            withhold  	---	  0.0000491034065270
             revoked  	---	  0.0000490980404407
              waiver  	---	  0.0000490968476310
           authorize  	---	  0.0000490966002068
            overturn  	---	  0.0000490964955588
            lawfully  	---	  0.0000490943362998
               amend  	---	  0.0000490943160926
            granting  	---	  0.0000490937391567
             enforce  	---	  0.0000490936129884
topic 37
               serbs  	---	  0.0000491433671651
              croats  	---	  0.0000491337383161
                serb  	---	  0.0000491269310269
            bosnians  	---	  0.0000491238056055
            serbians  	---	  0.0000491235158158
               croat  	---	  0.0000491210714319
         macedonians  	---	  0.0000491175409642
              azeris  	---	  0.0000491154120521
           armenians  	---	  0.0000491125832648
        azerbaijanis  	---	  0.0000491110808410
topic 38
               hiten  	---	  0.0000491311406473
               kiran  	---	  0.0000491039760065
           prabhakar  	---	  0.0000490995797529
              suresh  	---	  0.0000490987762821
              deepak  	---	  0.0000490974167978
                 rao  	---	  0.0000490953196819
               rahul  	---	  0.0000490952773687
              shanti  	---	  0.0000490952540642
                 dev  	---	  0.0000490951380366
               satya  	---	  0.0000490942270616
topic 39
               jorge  	---	  0.0000491551305148
              carlos  	---	  0.0000491490552127
              adolfo  	---	  0.0000491478016221
                luis  	---	  0.0000491474345704
             ricardo  	---	  0.0000491456727855
             alberto  	---	  0.0000491453736545
              manuel  	---	  0.0000491449671818
              rafael  	---	  0.0000491446352206
              santos  	---	  0.0000491437128092
          villanueva  	---	  0.0000491432767499
topic 40
               chaos  	---	  0.0000491305677192
            darkness  	---	  0.0000491036458622
                doom  	---	  0.0000491034705994
             carnage  	---	  0.0000491011435234
          apocalypse  	---	  0.0000491006163111
        annihilation  	---	  0.0000490978941391
                evil  	---	  0.0000490978693810
              demons  	---	  0.0000490976806867
               abyss  	---	  0.0000490973698774
            mindless  	---	  0.0000490934702209
topic 41
                 d.c  	---	  0.0000491332487703
                  dc  	---	  0.0000491332487703
                 d&c  	---	  0.0000491332487703
              comics  	---	  0.0000490876878814
              marvel  	---	  0.0000490873019299
        transformers  	---	  0.0000490844487424
              reboot  	---	  0.0000490768289445
            superman  	---	  0.0000490753962796
               comic  	---	  0.0000490686763394
            universe  	---	  0.0000490680019954
topic 42
                lend  	---	  0.0000491229296639
              borrow  	---	  0.0000490915659093
             acquire  	---	  0.0000490859581148
                 owe  	---	  0.0000490854078920
              invest  	---	  0.0000490852005960
               bring  	---	  0.0000490843694469
             furnish  	---	  0.0000490842987116
              fulfil  	---	  0.0000490834659575
              intend  	---	  0.0000490820213944
              wished  	---	  0.0000490809320751
topic 43
              latvia  	---	  0.0000491474655086
            slovenia  	---	  0.0000491348855227
            bulgaria  	---	  0.0000491339570420
             ukraine  	---	  0.0000491333642954
             finland  	---	  0.0000491309787517
             croatia  	---	  0.0000491288875038
      czechoslovakia  	---	  0.0000491277414235
               czech  	---	  0.0000491271589696
              russia  	---	  0.0000491265346995
              serbia  	---	  0.0000491248328943
topic 44
                 nym  	---	  0.0000491164770573
                 pry  	---	  0.0000490603753742
             comrade  	---	  0.0000490587707415
             smiling  	---	  0.0000490581452355
            doorbell  	---	  0.0000490579407083
               stare  	---	  0.0000490576897700
             bashing  	---	  0.0000490573817364
              shouts  	---	  0.0000490572769879
                 tog  	---	  0.0000490572262609
             notices  	---	  0.0000490568339036
topic 45
         respondents  	---	  0.0000491373416074
            atheists  	---	  0.0000490873489924
         individuals  	---	  0.0000490860719531
           hispanics  	---	  0.0000490820959930
           agnostics  	---	  0.0000490781883269
                gays  	---	  0.0000490757538151
             percent  	---	  0.0000490756611170
       heterosexuals  	---	  0.0000490741748255
               voter  	---	  0.0000490736045939
           estimates  	---	  0.0000490716618869
topic 46
        dictionaries  	---	  0.0000491290059693
           languages  	---	  0.0000491064254212
        translations  	---	  0.0000491057899183
             lexicon  	---	  0.0000491049580554
          dictionary  	---	  0.0000491003296557
            language  	---	  0.0000490984285795
                text  	---	  0.0000490961521823
         descriptive  	---	  0.0000490928577369
           textbooks  	---	  0.0000490926931953
               texts  	---	  0.0000490924228957
topic 47
            grabbers  	---	  0.0049640927382751
             grabber  	---	  0.0016325248498283
                 vcr  	---	  0.0015849857233199
             scanner  	---	  0.0015226130880079
            emulates  	---	  0.0012606604280812
             devices  	---	  0.0012573235666733
                chip  	---	  0.0012502423730328
              device  	---	  0.0012411350764708
                disk  	---	  0.0012185197649514
           real-time  	---	  0.0011115093565417
topic 48
                vera  	---	  0.0000491353569557
              karina  	---	  0.0000491108604600
                anna  	---	  0.0000491084466896
                 eva  	---	  0.0000491083766156
               laura  	---	  0.0000491042396358
                nina  	---	  0.0000491010749379
            kristina  	---	  0.0000491009800469
             miranda  	---	  0.0000490998767420
               maria  	---	  0.0000490992890361
                dani  	---	  0.0000490975035283
topic 49
                 cox  	---	  0.0000491506093103
                shaw  	---	  0.0000491243570649
              rogers  	---	  0.0000491224548202
            reynolds  	---	  0.0000491197555850
              howard  	---	  0.0000491183386623
              willis  	---	  0.0000491180109352
               craig  	---	  0.0000491170349480
              turner  	---	  0.0000491164810551
           robertson  	---	  0.0000491161945940
             jeffery  	---	  0.0000491161113487
