topic 0
                 173  	---	  0.0000719463143922
                 191  	---	  0.0000719317494115
                 174  	---	  0.0000719288373464
                 166  	---	  0.0000719286850027
                 158  	---	  0.0000719285186351
                 214  	---	  0.0000719281879554
                 159  	---	  0.0000719280584068
                 244  	---	  0.0000719279996554
                 163  	---	  0.0000719278195910
                 184  	---	  0.0000719277342197
topic 1
               magic  	---	  0.0000717387461110
           invisible  	---	  0.0000716484883548
              ghosts  	---	  0.0000716480518759
               ghost  	---	  0.0000716461092773
             strange  	---	  0.0000716426535158
             shadows  	---	  0.0000716418269036
                doom  	---	  0.0000716417258483
               demon  	---	  0.0000716375456408
               devil  	---	  0.0000716298498862
            creature  	---	  0.0000716293560475
topic 2
                  hu  	---	  0.0000717546129914
                  xu  	---	  0.0000717381158808
                  yi  	---	  0.0000717285365236
                 zhu  	---	  0.0000717276023983
                feng  	---	  0.0000717263859039
                zhao  	---	  0.0000717256849980
                yang  	---	  0.0000717251012773
                 xie  	---	  0.0000717217775346
                qian  	---	  0.0000717207184194
                 wei  	---	  0.0000717193630495
topic 3
         overfitting  	---	  0.0060997149364382
   deterministically  	---	  0.0022586227559303
        tractability  	---	  0.0021725990828203
           trade-off  	---	  0.0020542941453270
            tradeoff  	---	  0.0020542941453270
           decrement  	---	  0.0019633717561284
       randomization  	---	  0.0019301777470092
      discretization  	---	  0.0018878127663703
           denoising  	---	  0.0018560204546781
          stochastic  	---	  0.0018376682561963
topic 4
             optical  	---	  0.0000717332401032
                 ccd  	---	  0.0000716943725169
             tunable  	---	  0.0000716919160257
      optoelectronic  	---	  0.0000716917406517
              sensor  	---	  0.0000716912093271
            scanning  	---	  0.0000716878524723
              optics  	---	  0.0000716860072745
               laser  	---	  0.0000716854492503
            infrared  	---	  0.0000716828520719
           infra-red  	---	  0.0000716828520719
topic 5
         generations  	---	  0.0111124936566056
                ways  	---	  0.0018351770430677
             decades  	---	  0.0014606918438272
           lifetimes  	---	  0.0012582147730743
                past  	---	  0.0011185393776798
       possibilities  	---	  0.0010626117038178
           histories  	---	  0.0010475399056358
       relationships  	---	  0.0009917605330305
              evolve  	---	  0.0009363846164294
            distinct  	---	  0.0008909072078832
topic 6
                 320  	---	  0.0000718259281885
                 240  	---	  0.0000718074285114
                 260  	---	  0.0000717998956745
                22.5  	---	  0.0000717968003407
                2.25  	---	  0.0000717968003407
                 225  	---	  0.0000717968003407
                 280  	---	  0.0000717957262375
                 380  	---	  0.0000717943334780
                 370  	---	  0.0000717935752899
                 420  	---	  0.0000717932723960
topic 7
                 719  	---	  0.0018978059220034
                 884  	---	  0.0014035028573025
                 653  	---	  0.0013815694423549
                 559  	---	  0.0013643113745895
                 683  	---	  0.0013383808816488
                 742  	---	  0.0013341473994613
                 552  	---	  0.0013321530940950
                 834  	---	  0.0013226488785932
                 931  	---	  0.0013215332173636
                 854  	---	  0.0013152853432235
topic 8
         topological  	---	  0.0000717247355922
          projective  	---	  0.0000717104555427
           subspaces  	---	  0.0000717078988182
          symplectic  	---	  0.0000717068635717
            homotopy  	---	  0.0000717065817350
            topology  	---	  0.0000717065072037
           euclidean  	---	  0.0000717059820696
          integrable  	---	  0.0000717058217419
            subspace  	---	  0.0000717053823205
              affine  	---	  0.0000717046014503
topic 9
            situated  	---	  0.0000719577674504
             located  	---	  0.0000718545337468
                lies  	---	  0.0000718541768561
            occupies  	---	  0.0000718207479909
            adjacent  	---	  0.0000718125149649
                town  	---	  0.0000718114052150
             bounded  	---	  0.0000718021345847
             village  	---	  0.0000717965810637
       neighbourhood  	---	  0.0000717894924251
                east  	---	  0.0000717843676327
topic 10
                  vx  	---	  0.0000718603044465
                  xf  	---	  0.0000717560782783
                  vf  	---	  0.0000717484516244
                  vz  	---	  0.0000717365541381
                  r4  	---	  0.0000717361847324
                  xr  	---	  0.0000717355900276
                  rx  	---	  0.0000717333129506
                 tlx  	---	  0.0000717315581801
                  t5  	---	  0.0000717315482332
                spec  	---	  0.0000717267682768
topic 11
                 m.s  	---	  0.0000719077850259
                  ms  	---	  0.0000719077850259
                 m/s  	---	  0.0000719077850259
                  bd  	---	  0.0000717330102364
                 tst  	---	  0.0000716831322623
                  dd  	---	  0.0000716768511566
                 stm  	---	  0.0000716657655269
                  bs  	---	  0.0000716639376723
                lond  	---	  0.0000716633511557
                  bm  	---	  0.0000716614156436
topic 12
      differentiable  	---	  0.0000717738517192
          integrable  	---	  0.0000717555634371
            non-zero  	---	  0.0000717520507514
             nonzero  	---	  0.0000717520507514
            jacobian  	---	  0.0000717518817076
          invertible  	---	  0.0000717480145046
        non-negative  	---	  0.0000717468291417
         nonnegative  	---	  0.0000717468291417
         non-trivial  	---	  0.0000717455470841
          nontrivial  	---	  0.0000717455470841
topic 13
            columbus  	---	  0.0000720945131544
           baltimore  	---	  0.0000719741827469
            portland  	---	  0.0000719724490982
              kansas  	---	  0.0000719670952968
         minneapolis  	---	  0.0000719647011743
        philadelphia  	---	  0.0000719612152066
             florida  	---	  0.0000719549846922
             houston  	---	  0.0000719546327301
          washington  	---	  0.0000719525881701
           lafayette  	---	  0.0000719454889444
topic 14
            ginzburg  	---	  0.0064662166903708
            goldmann  	---	  0.0018118007074777
             jelinek  	---	  0.0015715312439384
          kolmogorov  	---	  0.0014552997079575
              markov  	---	  0.0013837096642981
              pinkas  	---	  0.0013355541695629
            christof  	---	  0.0012442231448163
              koenig  	---	  0.0012191080798906
               engel  	---	  0.0012187437719493
            lippmann  	---	  0.0011614086838224
topic 15
          generalize  	---	  0.0000718451405903
        analytically  	---	  0.0000718120164528
     generalizations  	---	  0.0000717979894227
         intuitively  	---	  0.0000717976059722
        generalizing  	---	  0.0000717975342728
          computable  	---	  0.0000717974716181
           theoretic  	---	  0.0000717933157818
            solvable  	---	  0.0000717913875364
      generalization  	---	  0.0000717884397703
         observables  	---	  0.0000717872373109
topic 16
             skilled  	---	  0.0000718056046023
           untrained  	---	  0.0000717004648991
               skill  	---	  0.0000716846029649
              skills  	---	  0.0000716686282850
             trained  	---	  0.0000716602021324
           versatile  	---	  0.0000716539067800
          unfamiliar  	---	  0.0000716310118642
            employed  	---	  0.0000716288060250
           attentive  	---	  0.0000716285798114
       sophisticated  	---	  0.0000716262565351
topic 17
                1997  	---	  0.0094739933460960
                1995  	---	  0.0088364205005128
                1996  	---	  0.0086001327632063
                1994  	---	  0.0084263506151884
                1993  	---	  0.0083434024090978
                1998  	---	  0.0081430065716256
                1999  	---	  0.0081175844448254
                1992  	---	  0.0072050155262804
                1990  	---	  0.0069273076515374
                1989  	---	  0.0063478238538018
topic 18
       appropriately  	---	  0.0000718498017054
            suitably  	---	  0.0000717309856386
             ideally  	---	  0.0000717215434104
              simple  	---	  0.0000717064697405
              proper  	---	  0.0000717012787833
              simply  	---	  0.0000717005978311
              manner  	---	  0.0000716945700169
            properly  	---	  0.0000716944554295
          accurately  	---	  0.0000716889999728
                sort  	---	  0.0000716867278160
topic 19
             showing  	---	  0.0093255695207002
          displaying  	---	  0.0017856304912606
           comparing  	---	  0.0015477354467565
              showed  	---	  0.0014122648436337
            mirrored  	---	  0.0013255526586608
               shown  	---	  0.0010766656163216
               hints  	---	  0.0010739322381867
              images  	---	  0.0010652495670510
          foreground  	---	  0.0010578054664332
            pointing  	---	  0.0010353359317652
topic 20
                park  	---	  0.0083739552834101
            adjacent  	---	  0.0024326963485352
               grove  	---	  0.0022339704257587
                hill  	---	  0.0021585612086730
                road  	---	  0.0020262247117760
              resort  	---	  0.0016737952239682
             redwood  	---	  0.0016602445476870
              nearby  	---	  0.0015956308769641
              forest  	---	  0.0015888425473347
             heights  	---	  0.0015382363718079
topic 21
           behaviors  	---	  0.0000718942205904
          behaviours  	---	  0.0000718797340750
            behavior  	---	  0.0000718443186576
           behaviour  	---	  0.0000718170743745
              biases  	---	  0.0000718040057632
             arousal  	---	  0.0000717997483495
         behavioural  	---	  0.0000717990685148
        behaviorally  	---	  0.0000717895718644
         attentional  	---	  0.0000717893352525
      predisposition  	---	  0.0000717879826282
topic 22
             virtues  	---	  0.0000718008350529
            goodness  	---	  0.0000717043236066
              embody  	---	  0.0000716972794272
              virtue  	---	  0.0000716945901642
            faithful  	---	  0.0000716906833480
             beliefs  	---	  0.0000716890661830
           qualities  	---	  0.0000716886682308
              spirit  	---	  0.0000716803349467
            embodies  	---	  0.0000716772520879
            embodied  	---	  0.0000716754487894
topic 23
            negation  	---	  0.0000716601824211
           predicate  	---	  0.0000716361660973
         disjunction  	---	  0.0000716314636207
          predicates  	---	  0.0000716200451854
       propositional  	---	  0.0000716170747808
              priori  	---	  0.0000716153960444
           reflexive  	---	  0.0000716113326868
             duality  	---	  0.0000716095393509
         categorical  	---	  0.0000716056664130
           imperfect  	---	  0.0000716054806455
topic 24
       pronunciation  	---	  0.0062310437414176
            spelling  	---	  0.0037263936360046
            phonetic  	---	  0.0036693442048567
      pronunciations  	---	  0.0035240944468660
             phoneme  	---	  0.0034496874637726
            syllabic  	---	  0.0033442075120923
            phonemic  	---	  0.0032497758718752
           phonology  	---	  0.0029171009409604
            phonemes  	---	  0.0027417901724097
            alphabet  	---	  0.0027138415812791
topic 25
          mitsubishi  	---	  0.0000720049586791
                  vw  	---	  0.0000719277560217
                  gm  	---	  0.0000719093478726
              motors  	---	  0.0000719060238769
                fiat  	---	  0.0000719052423360
                dyna  	---	  0.0000719034032336
             integra  	---	  0.0000718740376420
               combi  	---	  0.0000718676684805
                  gt  	---	  0.0000718632136113
              suzuki  	---	  0.0000718628393236
topic 26
            ossicles  	---	  0.0000716635487798
             lateral  	---	  0.0000716263067663
              lamina  	---	  0.0000716260631047
              distal  	---	  0.0000716247759259
             ventral  	---	  0.0000716234366316
               folds  	---	  0.0000716230497513
             midline  	---	  0.0000716224405247
           posterior  	---	  0.0000716209480675
           laterally  	---	  0.0000716201382325
            proximal  	---	  0.0000716195366186
topic 27
                 gcs  	---	  0.0000717419248697
                 dcs  	---	  0.0000716561913809
                 tss  	---	  0.0000716536788296
                 rbp  	---	  0.0000716337998846
                 sdh  	---	  0.0000716185893518
          modulators  	---	  0.0000716173164865
          signalling  	---	  0.0000716163542853
                 mds  	---	  0.0000716128378729
           analysers  	---	  0.0000716104857727
                 bss  	---	  0.0000716071232957
topic 28
              ratios  	---	  0.0000717801613772
               ratio  	---	  0.0000717083227714
       displacements  	---	  0.0000716946742709
            variable  	---	  0.0000716890370125
     correspondingly  	---	  0.0000716889660294
             damping  	---	  0.0000716874577461
          impedances  	---	  0.0000716870616021
          velocities  	---	  0.0000716859001696
         intensities  	---	  0.0000716852939861
        displacement  	---	  0.0000716823323904
topic 29
       visualization  	---	  0.0000718234709845
       visualisation  	---	  0.0000717932233125
         visualizing  	---	  0.0000717575813771
           retrieval  	---	  0.0000717431961978
        neuromorphic  	---	  0.0000717424525217
         interfacing  	---	  0.0000717407373573
          simulation  	---	  0.0000717383145834
          integrates  	---	  0.0000717341157767
           computing  	---	  0.0000717338759318
         simulations  	---	  0.0000717290258475
topic 30
                 rod  	---	  0.0060237505760861
                 ray  	---	  0.0013503399199168
           resonator  	---	  0.0011411828945436
                mark  	---	  0.0011047986883973
                 tom  	---	  0.0010329205222182
                phil  	---	  0.0009859512390451
                jeff  	---	  0.0009760683121554
                mike  	---	  0.0009701818030298
                 bob  	---	  0.0009436655196826
               terry  	---	  0.0009243547207827
topic 31
              masked  	---	  0.0000719415394183
            creature  	---	  0.0000718151105216
              unseen  	---	  0.0000717925665277
              bandit  	---	  0.0000717722689530
               demon  	---	  0.0000717721073291
               ghost  	---	  0.0000717720541387
                gang  	---	  0.0000717714573790
               mecha  	---	  0.0000717707355376
                mask  	---	  0.0000717704644164
              misfit  	---	  0.0000717683406032
topic 32
                lots  	---	  0.0000717317588957
                 lot  	---	  0.0000716239168630
           buildings  	---	  0.0000716111790230
              spaces  	---	  0.0000716042362244
               rooms  	---	  0.0000716026988151
       neighborhoods  	---	  0.0000715960078427
              stores  	---	  0.0000715955729516
              blocks  	---	  0.0000715935804455
              packed  	---	  0.0000715877451423
                rent  	---	  0.0000715802762599
topic 33
                 951  	---	  0.0000719026433734
                 932  	---	  0.0000718787767124
                 906  	---	  0.0000718770685376
                 755  	---	  0.0000718730539977
                 931  	---	  0.0000718729429214
                 944  	---	  0.0000718727810458
                 885  	---	  0.0000718726183325
                 928  	---	  0.0000718714862489
                 946  	---	  0.0000718699852757
                 895  	---	  0.0000718686087430
topic 34
           describes  	---	  0.0067265673811852
          describing  	---	  0.0035259406289114
          interprets  	---	  0.0031012848848491
           discusses  	---	  0.0028734392595924
         illustrates  	---	  0.0027806236740270
             relates  	---	  0.0026943111066498
          identifies  	---	  0.0026519740553557
       characterizes  	---	  0.0026214927999219
        demonstrates  	---	  0.0025961543867690
            observes  	---	  0.0024302525463274
topic 35
           designate  	---	  0.0107526885920523
              assign  	---	  0.0027056327154733
            specific  	---	  0.0017361055744906
               apply  	---	  0.0016397115932308
           assigning  	---	  0.0016299732419772
              proper  	---	  0.0014215288467937
              modify  	---	  0.0014146600541960
               serve  	---	  0.0013744342483236
         generically  	---	  0.0013251420069161
            required  	---	  0.0013240118501809
topic 36
            european  	---	  0.0000720248333645
             nations  	---	  0.0000718746714774
         competition  	---	  0.0000718158630372
       international  	---	  0.0000717965004280
                  eu  	---	  0.0000717957204508
              canada  	---	  0.0000717778304694
         netherlands  	---	  0.0000717760528525
             finland  	---	  0.0000717669001145
           competing  	---	  0.0000717654385851
                 uci  	---	  0.0000717618436889
topic 37
                hour  	---	  0.0099538814646962
               hours  	---	  0.0035135355700923
             minutes  	---	  0.0026181427405218
              hourly  	---	  0.0020364345318340
                week  	---	  0.0017400724809126
             morning  	---	  0.0014024082390534
                  pm  	---	  0.0013749503875202
                 p.m  	---	  0.0013749503875202
                slot  	---	  0.0012941769189370
                 day  	---	  0.0012859771238490
topic 38
           mccormick  	---	  0.0000720383236794
              fisher  	---	  0.0000719478189042
               baker  	---	  0.0000719466109583
              walker  	---	  0.0000719447825473
              farley  	---	  0.0000719445647633
            bartlett  	---	  0.0000719428089045
              morris  	---	  0.0000719367167111
              miller  	---	  0.0000719358095245
              draper  	---	  0.0000719328389399
             ballard  	---	  0.0000719304228804
topic 39
         penultimate  	---	  0.0089697748731128
               final  	---	  0.0036753943703933
              fourth  	---	  0.0014374244520197
              ending  	---	  0.0013980864890392
               sixth  	---	  0.0011062451337386
                 end  	---	  0.0010969826914035
          appearance  	---	  0.0010908574349924
              repeat  	---	  0.0010047508748752
               match  	---	  0.0009715503299424
              finish  	---	  0.0009705309976183
